2026-01-08T11:40:02.259+02:00  INFO 16704 --- [webshop] [main] ee.geir.webshop.WebshopApplication       : Starting WebshopApplication using Java 21.0.9 with PID 16704 (C:\Users\i9\Documents\GitHub\2025-12-webshop\target\classes started by i9 in C:\Users\i9\Documents\GitHub\2025-12-webshop)
2026-01-08T11:40:02.266+02:00  INFO 16704 --- [webshop] [main] ee.geir.webshop.WebshopApplication       : No active profile set, falling back to 1 default profile: "default"
2026-01-08T11:40:02.762+02:00  INFO 16704 --- [webshop] [main] .s.d.r.c.RepositoryConfigurationDelegate : Bootstrapping Spring Data JPA repositories in DEFAULT mode.
2026-01-08T11:40:02.827+02:00  INFO 16704 --- [webshop] [main] .s.d.r.c.RepositoryConfigurationDelegate : Finished Spring Data repository scanning in 55 ms. Found 4 JPA repository interfaces.
2026-01-08T11:40:03.373+02:00  INFO 16704 --- [webshop] [main] o.s.boot.tomcat.TomcatWebServer          : Tomcat initialized with port 8099 (http)
2026-01-08T11:40:03.387+02:00  INFO 16704 --- [webshop] [main] o.apache.catalina.core.StandardService   : Starting service [Tomcat]
2026-01-08T11:40:03.387+02:00  INFO 16704 --- [webshop] [main] o.apache.catalina.core.StandardEngine    : Starting Servlet engine: [Apache Tomcat/11.0.14]
2026-01-08T11:40:03.437+02:00  INFO 16704 --- [webshop] [main] b.w.c.s.WebApplicationContextInitializer : Root WebApplicationContext: initialization completed in 1132 ms
2026-01-08T11:40:03.605+02:00  INFO 16704 --- [webshop] [main] o.hibernate.jpa.internal.util.LogHelper  : HHH000204: Processing PersistenceUnitInfo [name: default]
2026-01-08T11:40:03.649+02:00  INFO 16704 --- [webshop] [main] org.hibernate.Version                    : HHH000412: Hibernate ORM core version 7.1.8.Final
2026-01-08T11:40:04.028+02:00  INFO 16704 --- [webshop] [main] o.s.o.j.p.SpringPersistenceUnitInfo      : No LoadTimeWeaver setup: ignoring JPA class transformer
2026-01-08T11:40:04.068+02:00  INFO 16704 --- [webshop] [main] com.zaxxer.hikari.HikariDataSource       : HikariPool-1 - Starting...
2026-01-08T11:40:04.229+02:00  INFO 16704 --- [webshop] [main] com.zaxxer.hikari.pool.HikariPool        : HikariPool-1 - Added connection org.postgresql.jdbc.PgConnection@3a72e2e8
2026-01-08T11:40:04.231+02:00  INFO 16704 --- [webshop] [main] com.zaxxer.hikari.HikariDataSource       : HikariPool-1 - Start completed.
2026-01-08T11:40:04.299+02:00  INFO 16704 --- [webshop] [main] org.hibernate.orm.connections.pooling    : HHH10001005: Database info:
	Database JDBC URL [jdbc:postgresql://localhost:5432/veebipood]
	Database driver: PostgreSQL JDBC Driver
	Database dialect: PostgreSQLDialect
	Database version: 18.1
	Default catalog/schema: veebipood/public
	Autocommit mode: undefined/unknown
	Isolation level: READ_COMMITTED [default READ_COMMITTED]
	JDBC fetch size: none
	Pool: DatasourceConnectionProviderImpl
	Minimum pool size: undefined/unknown
	Maximum pool size: undefined/unknown
2026-01-08T11:40:05.049+02:00  INFO 16704 --- [webshop] [main] o.h.e.t.j.p.i.JtaPlatformInitiator       : HHH000489: No JTA platform available (set 'hibernate.transaction.jta.platform' to enable JTA platform integration)
2026-01-08T11:40:05.168+02:00  INFO 16704 --- [webshop] [main] j.LocalContainerEntityManagerFactoryBean : Initialized JPA EntityManagerFactory for persistence unit 'default'
2026-01-08T11:40:05.234+02:00  INFO 16704 --- [webshop] [main] o.s.d.j.r.query.QueryEnhancerFactories   : Hibernate is in classpath; If applicable, HQL parser will be used.
2026-01-08T11:40:05.406+02:00  WARN 16704 --- [webshop] [main] JpaBaseConfiguration$JpaWebConfiguration : spring.jpa.open-in-view is enabled by default. Therefore, database queries may be performed during view rendering. Explicitly configure spring.jpa.open-in-view to disable this warning
2026-01-08T11:40:05.644+02:00  INFO 16704 --- [webshop] [main] o.s.boot.tomcat.TomcatWebServer          : Tomcat started on port 8099 (http) with context path '/'
2026-01-08T11:40:05.648+02:00  INFO 16704 --- [webshop] [main] ee.geir.webshop.WebshopApplication       : Started WebshopApplication in 3.738 seconds (process running for 6.339)
2026-01-08T12:59:51.799+02:00  INFO 16704 --- [webshop] [SpringApplicationShutdownHook] o.s.boot.tomcat.GracefulShutdown         : Commencing graceful shutdown. Waiting for active requests to complete
2026-01-08T12:59:51.803+02:00  INFO 16704 --- [webshop] [tomcat-shutdown] o.s.boot.tomcat.GracefulShutdown         : Graceful shutdown complete
2026-01-08T12:59:51.806+02:00  INFO 16704 --- [webshop] [SpringApplicationShutdownHook] j.LocalContainerEntityManagerFactoryBean : Closing JPA EntityManagerFactory for persistence unit 'default'
2026-01-08T12:59:51.808+02:00  INFO 16704 --- [webshop] [SpringApplicationShutdownHook] com.zaxxer.hikari.HikariDataSource       : HikariPool-1 - Shutdown initiated...
2026-01-08T12:59:51.810+02:00  INFO 16704 --- [webshop] [SpringApplicationShutdownHook] com.zaxxer.hikari.HikariDataSource       : HikariPool-1 - Shutdown completed.
2026-01-08T13:20:13.684+02:00  INFO 18920 --- [webshop] [main] ee.geir.webshop.WebshopApplication       : Starting WebshopApplication using Java 21.0.9 with PID 18920 (C:\Users\i9\Documents\GitHub\2025-12-webshop\target\classes started by i9 in C:\Users\i9\Documents\GitHub\2025-12-webshop)
2026-01-08T13:20:13.689+02:00  INFO 18920 --- [webshop] [main] ee.geir.webshop.WebshopApplication       : No active profile set, falling back to 1 default profile: "default"
2026-01-08T13:20:14.278+02:00  INFO 18920 --- [webshop] [main] .s.d.r.c.RepositoryConfigurationDelegate : Bootstrapping Spring Data JPA repositories in DEFAULT mode.
2026-01-08T13:20:14.348+02:00  INFO 18920 --- [webshop] [main] .s.d.r.c.RepositoryConfigurationDelegate : Finished Spring Data repository scanning in 59 ms. Found 4 JPA repository interfaces.
2026-01-08T13:20:14.840+02:00  INFO 18920 --- [webshop] [main] o.s.boot.tomcat.TomcatWebServer          : Tomcat initialized with port 8099 (http)
2026-01-08T13:20:14.856+02:00  INFO 18920 --- [webshop] [main] o.apache.catalina.core.StandardService   : Starting service [Tomcat]
2026-01-08T13:20:14.856+02:00  INFO 18920 --- [webshop] [main] o.apache.catalina.core.StandardEngine    : Starting Servlet engine: [Apache Tomcat/11.0.14]
2026-01-08T13:20:14.903+02:00  INFO 18920 --- [webshop] [main] b.w.c.s.WebApplicationContextInitializer : Root WebApplicationContext: initialization completed in 1173 ms
2026-01-08T13:20:15.105+02:00  INFO 18920 --- [webshop] [main] o.hibernate.jpa.internal.util.LogHelper  : HHH000204: Processing PersistenceUnitInfo [name: default]
2026-01-08T13:20:15.151+02:00  INFO 18920 --- [webshop] [main] org.hibernate.Version                    : HHH000412: Hibernate ORM core version 7.1.8.Final
2026-01-08T13:20:15.599+02:00  INFO 18920 --- [webshop] [main] o.s.o.j.p.SpringPersistenceUnitInfo      : No LoadTimeWeaver setup: ignoring JPA class transformer
2026-01-08T13:20:15.632+02:00  INFO 18920 --- [webshop] [main] com.zaxxer.hikari.HikariDataSource       : HikariPool-1 - Starting...
2026-01-08T13:20:15.780+02:00  INFO 18920 --- [webshop] [main] com.zaxxer.hikari.pool.HikariPool        : HikariPool-1 - Added connection org.postgresql.jdbc.PgConnection@36871e98
2026-01-08T13:20:15.782+02:00  INFO 18920 --- [webshop] [main] com.zaxxer.hikari.HikariDataSource       : HikariPool-1 - Start completed.
2026-01-08T13:20:15.838+02:00  INFO 18920 --- [webshop] [main] org.hibernate.orm.connections.pooling    : HHH10001005: Database info:
	Database JDBC URL [jdbc:postgresql://localhost:5432/veebipood]
	Database driver: PostgreSQL JDBC Driver
	Database dialect: PostgreSQLDialect
	Database version: 18.1
	Default catalog/schema: veebipood/public
	Autocommit mode: undefined/unknown
	Isolation level: READ_COMMITTED [default READ_COMMITTED]
	JDBC fetch size: none
	Pool: DatasourceConnectionProviderImpl
	Minimum pool size: undefined/unknown
	Maximum pool size: undefined/unknown
2026-01-08T13:20:16.630+02:00  INFO 18920 --- [webshop] [main] o.h.e.t.j.p.i.JtaPlatformInitiator       : HHH000489: No JTA platform available (set 'hibernate.transaction.jta.platform' to enable JTA platform integration)
2026-01-08T13:20:16.747+02:00  INFO 18920 --- [webshop] [main] j.LocalContainerEntityManagerFactoryBean : Initialized JPA EntityManagerFactory for persistence unit 'default'
2026-01-08T13:20:16.817+02:00  INFO 18920 --- [webshop] [main] o.s.d.j.r.query.QueryEnhancerFactories   : Hibernate is in classpath; If applicable, HQL parser will be used.
2026-01-08T13:20:17.041+02:00  WARN 18920 --- [webshop] [main] JpaBaseConfiguration$JpaWebConfiguration : spring.jpa.open-in-view is enabled by default. Therefore, database queries may be performed during view rendering. Explicitly configure spring.jpa.open-in-view to disable this warning
2026-01-08T13:20:17.330+02:00  INFO 18920 --- [webshop] [main] o.s.boot.tomcat.TomcatWebServer          : Tomcat started on port 8099 (http) with context path '/'
2026-01-08T13:20:17.336+02:00  INFO 18920 --- [webshop] [main] ee.geir.webshop.WebshopApplication       : Started WebshopApplication in 4.094 seconds (process running for 4.466)
2026-01-08T13:35:45.791+02:00  INFO 18920 --- [webshop] [SpringApplicationShutdownHook] o.s.boot.tomcat.GracefulShutdown         : Commencing graceful shutdown. Waiting for active requests to complete
2026-01-08T13:35:45.795+02:00  INFO 18920 --- [webshop] [tomcat-shutdown] o.s.boot.tomcat.GracefulShutdown         : Graceful shutdown complete
2026-01-08T13:35:45.798+02:00  INFO 18920 --- [webshop] [SpringApplicationShutdownHook] j.LocalContainerEntityManagerFactoryBean : Closing JPA EntityManagerFactory for persistence unit 'default'
2026-01-08T13:35:45.799+02:00  INFO 18920 --- [webshop] [SpringApplicationShutdownHook] com.zaxxer.hikari.HikariDataSource       : HikariPool-1 - Shutdown initiated...
2026-01-08T13:35:45.801+02:00  INFO 18920 --- [webshop] [SpringApplicationShutdownHook] com.zaxxer.hikari.HikariDataSource       : HikariPool-1 - Shutdown completed.
2026-01-08T13:35:48.494+02:00  INFO 31356 --- [webshop] [main] ee.geir.webshop.WebshopApplication       : Starting WebshopApplication using Java 21.0.9 with PID 31356 (C:\Users\i9\Documents\GitHub\2025-12-webshop\target\classes started by i9 in C:\Users\i9\Documents\GitHub\2025-12-webshop)
2026-01-08T13:35:48.497+02:00  INFO 31356 --- [webshop] [main] ee.geir.webshop.WebshopApplication       : No active profile set, falling back to 1 default profile: "default"
2026-01-08T13:35:49.227+02:00  INFO 31356 --- [webshop] [main] .s.d.r.c.RepositoryConfigurationDelegate : Bootstrapping Spring Data JPA repositories in DEFAULT mode.
2026-01-08T13:35:49.312+02:00  INFO 31356 --- [webshop] [main] .s.d.r.c.RepositoryConfigurationDelegate : Finished Spring Data repository scanning in 72 ms. Found 4 JPA repository interfaces.
2026-01-08T13:35:49.770+02:00  INFO 31356 --- [webshop] [main] o.s.boot.tomcat.TomcatWebServer          : Tomcat initialized with port 8099 (http)
2026-01-08T13:35:49.783+02:00  INFO 31356 --- [webshop] [main] o.apache.catalina.core.StandardService   : Starting service [Tomcat]
2026-01-08T13:35:49.784+02:00  INFO 31356 --- [webshop] [main] o.apache.catalina.core.StandardEngine    : Starting Servlet engine: [Apache Tomcat/11.0.14]
2026-01-08T13:35:49.825+02:00  INFO 31356 --- [webshop] [main] b.w.c.s.WebApplicationContextInitializer : Root WebApplicationContext: initialization completed in 1265 ms
2026-01-08T13:35:49.974+02:00  INFO 31356 --- [webshop] [main] o.hibernate.jpa.internal.util.LogHelper  : HHH000204: Processing PersistenceUnitInfo [name: default]
2026-01-08T13:35:50.011+02:00  INFO 31356 --- [webshop] [main] org.hibernate.Version                    : HHH000412: Hibernate ORM core version 7.1.8.Final
2026-01-08T13:35:50.381+02:00  INFO 31356 --- [webshop] [main] o.s.o.j.p.SpringPersistenceUnitInfo      : No LoadTimeWeaver setup: ignoring JPA class transformer
2026-01-08T13:35:50.414+02:00  INFO 31356 --- [webshop] [main] com.zaxxer.hikari.HikariDataSource       : HikariPool-1 - Starting...
2026-01-08T13:35:50.667+02:00  INFO 31356 --- [webshop] [main] com.zaxxer.hikari.pool.HikariPool        : HikariPool-1 - Added connection org.postgresql.jdbc.PgConnection@4f20b022
2026-01-08T13:35:50.668+02:00  INFO 31356 --- [webshop] [main] com.zaxxer.hikari.HikariDataSource       : HikariPool-1 - Start completed.
2026-01-08T13:35:50.722+02:00  INFO 31356 --- [webshop] [main] org.hibernate.orm.connections.pooling    : HHH10001005: Database info:
	Database JDBC URL [jdbc:postgresql://localhost:5432/veebipood]
	Database driver: PostgreSQL JDBC Driver
	Database dialect: PostgreSQLDialect
	Database version: 18.1
	Default catalog/schema: veebipood/public
	Autocommit mode: undefined/unknown
	Isolation level: READ_COMMITTED [default READ_COMMITTED]
	JDBC fetch size: none
	Pool: DatasourceConnectionProviderImpl
	Minimum pool size: undefined/unknown
	Maximum pool size: undefined/unknown
2026-01-08T13:35:51.449+02:00  INFO 31356 --- [webshop] [main] o.h.e.t.j.p.i.JtaPlatformInitiator       : HHH000489: No JTA platform available (set 'hibernate.transaction.jta.platform' to enable JTA platform integration)
2026-01-08T13:35:51.567+02:00  INFO 31356 --- [webshop] [main] j.LocalContainerEntityManagerFactoryBean : Initialized JPA EntityManagerFactory for persistence unit 'default'
2026-01-08T13:35:51.631+02:00  INFO 31356 --- [webshop] [main] o.s.d.j.r.query.QueryEnhancerFactories   : Hibernate is in classpath; If applicable, HQL parser will be used.
2026-01-08T13:35:51.820+02:00  WARN 31356 --- [webshop] [main] JpaBaseConfiguration$JpaWebConfiguration : spring.jpa.open-in-view is enabled by default. Therefore, database queries may be performed during view rendering. Explicitly configure spring.jpa.open-in-view to disable this warning
2026-01-08T13:35:51.927+02:00  WARN 31356 --- [webshop] [main] ConfigServletWebServerApplicationContext : Exception encountered during context initialization - cancelling refresh attempt: org.springframework.beans.factory.BeanCreationException: Error creating bean with name 'requestMappingHandlerMapping' defined in class path resource [org/springframework/boot/webmvc/autoconfigure/WebMvcAutoConfiguration$EnableWebMvcConfiguration.class]: Ambiguous mapping. Cannot map 'supplierController' method 
ee.geir.webshop.controller.SupplierController#getProductsFromSupplier3()
to {GET [/supplier2]}: There is already 'supplierController' bean method
ee.geir.webshop.controller.SupplierController#getProductsFromSupplier2() mapped.
2026-01-08T13:35:51.928+02:00  INFO 31356 --- [webshop] [main] j.LocalContainerEntityManagerFactoryBean : Closing JPA EntityManagerFactory for persistence unit 'default'
2026-01-08T13:35:51.931+02:00  INFO 31356 --- [webshop] [main] com.zaxxer.hikari.HikariDataSource       : HikariPool-1 - Shutdown initiated...
2026-01-08T13:35:51.934+02:00  INFO 31356 --- [webshop] [main] com.zaxxer.hikari.HikariDataSource       : HikariPool-1 - Shutdown completed.
2026-01-08T13:35:51.936+02:00  INFO 31356 --- [webshop] [main] o.apache.catalina.core.StandardService   : Stopping service [Tomcat]
2026-01-08T13:35:51.941+02:00  INFO 31356 --- [webshop] [main] .s.b.a.l.ConditionEvaluationReportLogger : 

Error starting ApplicationContext. To display the condition evaluation report re-run your application with 'debug' enabled.
2026-01-08T13:35:51.951+02:00 ERROR 31356 --- [webshop] [main] o.s.boot.SpringApplication               : Application run failed

org.springframework.beans.factory.BeanCreationException: Error creating bean with name 'requestMappingHandlerMapping' defined in class path resource [org/springframework/boot/webmvc/autoconfigure/WebMvcAutoConfiguration$EnableWebMvcConfiguration.class]: Ambiguous mapping. Cannot map 'supplierController' method 
ee.geir.webshop.controller.SupplierController#getProductsFromSupplier3()
to {GET [/supplier2]}: There is already 'supplierController' bean method
ee.geir.webshop.controller.SupplierController#getProductsFromSupplier2() mapped.
	at org.springframework.beans.factory.support.AbstractAutowireCapableBeanFactory.initializeBean(AbstractAutowireCapableBeanFactory.java:1817) ~[spring-beans-7.0.1.jar:7.0.1]
	at org.springframework.beans.factory.support.AbstractAutowireCapableBeanFactory.doCreateBean(AbstractAutowireCapableBeanFactory.java:603) ~[spring-beans-7.0.1.jar:7.0.1]
	at org.springframework.beans.factory.support.AbstractAutowireCapableBeanFactory.createBean(AbstractAutowireCapableBeanFactory.java:525) ~[spring-beans-7.0.1.jar:7.0.1]
	at org.springframework.beans.factory.support.AbstractBeanFactory.lambda$doGetBean$0(AbstractBeanFactory.java:333) ~[spring-beans-7.0.1.jar:7.0.1]
	at org.springframework.beans.factory.support.DefaultSingletonBeanRegistry.getSingleton(DefaultSingletonBeanRegistry.java:371) ~[spring-beans-7.0.1.jar:7.0.1]
	at org.springframework.beans.factory.support.AbstractBeanFactory.doGetBean(AbstractBeanFactory.java:331) ~[spring-beans-7.0.1.jar:7.0.1]
	at org.springframework.beans.factory.support.AbstractBeanFactory.getBean(AbstractBeanFactory.java:196) ~[spring-beans-7.0.1.jar:7.0.1]
	at org.springframework.beans.factory.support.DefaultListableBeanFactory.instantiateSingleton(DefaultListableBeanFactory.java:1218) ~[spring-beans-7.0.1.jar:7.0.1]
	at org.springframework.beans.factory.support.DefaultListableBeanFactory.preInstantiateSingleton(DefaultListableBeanFactory.java:1184) ~[spring-beans-7.0.1.jar:7.0.1]
	at org.springframework.beans.factory.support.DefaultListableBeanFactory.preInstantiateSingletons(DefaultListableBeanFactory.java:1121) ~[spring-beans-7.0.1.jar:7.0.1]
	at org.springframework.context.support.AbstractApplicationContext.finishBeanFactoryInitialization(AbstractApplicationContext.java:983) ~[spring-context-7.0.1.jar:7.0.1]
	at org.springframework.context.support.AbstractApplicationContext.refresh(AbstractApplicationContext.java:620) ~[spring-context-7.0.1.jar:7.0.1]
	at org.springframework.boot.web.server.servlet.context.ServletWebServerApplicationContext.refresh(ServletWebServerApplicationContext.java:143) ~[spring-boot-web-server-4.0.0.jar:4.0.0]
	at org.springframework.boot.SpringApplication.refresh(SpringApplication.java:765) ~[spring-boot-4.0.0.jar:4.0.0]
	at org.springframework.boot.SpringApplication.refreshContext(SpringApplication.java:454) ~[spring-boot-4.0.0.jar:4.0.0]
	at org.springframework.boot.SpringApplication.run(SpringApplication.java:321) ~[spring-boot-4.0.0.jar:4.0.0]
	at org.springframework.boot.SpringApplication.run(SpringApplication.java:1374) ~[spring-boot-4.0.0.jar:4.0.0]
	at org.springframework.boot.SpringApplication.run(SpringApplication.java:1363) ~[spring-boot-4.0.0.jar:4.0.0]
	at ee.geir.webshop.WebshopApplication.main(WebshopApplication.java:10) ~[classes/:na]
Caused by: java.lang.IllegalStateException: Ambiguous mapping. Cannot map 'supplierController' method 
ee.geir.webshop.controller.SupplierController#getProductsFromSupplier3()
to {GET [/supplier2]}: There is already 'supplierController' bean method
ee.geir.webshop.controller.SupplierController#getProductsFromSupplier2() mapped.
	at org.springframework.web.servlet.handler.AbstractHandlerMethodMapping$MappingRegistry.validateMethodMapping(AbstractHandlerMethodMapping.java:645) ~[spring-webmvc-7.0.1.jar:7.0.1]
	at org.springframework.web.servlet.handler.AbstractHandlerMethodMapping$MappingRegistry.register(AbstractHandlerMethodMapping.java:606) ~[spring-webmvc-7.0.1.jar:7.0.1]
	at org.springframework.web.servlet.handler.AbstractHandlerMethodMapping.registerHandlerMethod(AbstractHandlerMethodMapping.java:327) ~[spring-webmvc-7.0.1.jar:7.0.1]
	at org.springframework.web.servlet.mvc.method.annotation.RequestMappingHandlerMapping.registerHandlerMethod(RequestMappingHandlerMapping.java:459) ~[spring-webmvc-7.0.1.jar:7.0.1]
	at org.springframework.web.servlet.mvc.method.annotation.RequestMappingHandlerMapping.registerHandlerMethod(RequestMappingHandlerMapping.java:80) ~[spring-webmvc-7.0.1.jar:7.0.1]
	at org.springframework.web.servlet.handler.AbstractHandlerMethodMapping.lambda$detectHandlerMethods$1(AbstractHandlerMethodMapping.java:294) ~[spring-webmvc-7.0.1.jar:7.0.1]
	at java.base/java.util.LinkedHashMap.forEach(LinkedHashMap.java:986) ~[na:na]
	at org.springframework.web.servlet.handler.AbstractHandlerMethodMapping.detectHandlerMethods(AbstractHandlerMethodMapping.java:292) ~[spring-webmvc-7.0.1.jar:7.0.1]
	at org.springframework.web.servlet.handler.AbstractHandlerMethodMapping.processCandidateBean(AbstractHandlerMethodMapping.java:261) ~[spring-webmvc-7.0.1.jar:7.0.1]
	at org.springframework.web.servlet.handler.AbstractHandlerMethodMapping.initHandlerMethods(AbstractHandlerMethodMapping.java:220) ~[spring-webmvc-7.0.1.jar:7.0.1]
	at org.springframework.web.servlet.handler.AbstractHandlerMethodMapping.afterPropertiesSet(AbstractHandlerMethodMapping.java:208) ~[spring-webmvc-7.0.1.jar:7.0.1]
	at org.springframework.web.servlet.mvc.method.annotation.RequestMappingHandlerMapping.afterPropertiesSet(RequestMappingHandlerMapping.java:158) ~[spring-webmvc-7.0.1.jar:7.0.1]
	at org.springframework.beans.factory.support.AbstractAutowireCapableBeanFactory.invokeInitMethods(AbstractAutowireCapableBeanFactory.java:1864) ~[spring-beans-7.0.1.jar:7.0.1]
	at org.springframework.beans.factory.support.AbstractAutowireCapableBeanFactory.initializeBean(AbstractAutowireCapableBeanFactory.java:1813) ~[spring-beans-7.0.1.jar:7.0.1]
	... 18 common frames omitted

2026-01-08T13:36:12.797+02:00  INFO 16400 --- [webshop] [main] ee.geir.webshop.WebshopApplication       : Starting WebshopApplication using Java 21.0.9 with PID 16400 (C:\Users\i9\Documents\GitHub\2025-12-webshop\target\classes started by i9 in C:\Users\i9\Documents\GitHub\2025-12-webshop)
2026-01-08T13:36:12.799+02:00  INFO 16400 --- [webshop] [main] ee.geir.webshop.WebshopApplication       : No active profile set, falling back to 1 default profile: "default"
2026-01-08T13:36:13.352+02:00  INFO 16400 --- [webshop] [main] .s.d.r.c.RepositoryConfigurationDelegate : Bootstrapping Spring Data JPA repositories in DEFAULT mode.
2026-01-08T13:36:13.418+02:00  INFO 16400 --- [webshop] [main] .s.d.r.c.RepositoryConfigurationDelegate : Finished Spring Data repository scanning in 58 ms. Found 4 JPA repository interfaces.
2026-01-08T13:36:13.870+02:00  INFO 16400 --- [webshop] [main] o.s.boot.tomcat.TomcatWebServer          : Tomcat initialized with port 8099 (http)
2026-01-08T13:36:13.882+02:00  INFO 16400 --- [webshop] [main] o.apache.catalina.core.StandardService   : Starting service [Tomcat]
2026-01-08T13:36:13.882+02:00  INFO 16400 --- [webshop] [main] o.apache.catalina.core.StandardEngine    : Starting Servlet engine: [Apache Tomcat/11.0.14]
2026-01-08T13:36:13.935+02:00  INFO 16400 --- [webshop] [main] b.w.c.s.WebApplicationContextInitializer : Root WebApplicationContext: initialization completed in 1088 ms
2026-01-08T13:36:14.124+02:00  INFO 16400 --- [webshop] [main] o.hibernate.jpa.internal.util.LogHelper  : HHH000204: Processing PersistenceUnitInfo [name: default]
2026-01-08T13:36:14.170+02:00  INFO 16400 --- [webshop] [main] org.hibernate.Version                    : HHH000412: Hibernate ORM core version 7.1.8.Final
2026-01-08T13:36:14.561+02:00  INFO 16400 --- [webshop] [main] o.s.o.j.p.SpringPersistenceUnitInfo      : No LoadTimeWeaver setup: ignoring JPA class transformer
2026-01-08T13:36:14.593+02:00  INFO 16400 --- [webshop] [main] com.zaxxer.hikari.HikariDataSource       : HikariPool-1 - Starting...
2026-01-08T13:36:14.740+02:00  INFO 16400 --- [webshop] [main] com.zaxxer.hikari.pool.HikariPool        : HikariPool-1 - Added connection org.postgresql.jdbc.PgConnection@51743cc0
2026-01-08T13:36:14.741+02:00  INFO 16400 --- [webshop] [main] com.zaxxer.hikari.HikariDataSource       : HikariPool-1 - Start completed.
2026-01-08T13:36:14.794+02:00  INFO 16400 --- [webshop] [main] org.hibernate.orm.connections.pooling    : HHH10001005: Database info:
	Database JDBC URL [jdbc:postgresql://localhost:5432/veebipood]
	Database driver: PostgreSQL JDBC Driver
	Database dialect: PostgreSQLDialect
	Database version: 18.1
	Default catalog/schema: veebipood/public
	Autocommit mode: undefined/unknown
	Isolation level: READ_COMMITTED [default READ_COMMITTED]
	JDBC fetch size: none
	Pool: DatasourceConnectionProviderImpl
	Minimum pool size: undefined/unknown
	Maximum pool size: undefined/unknown
2026-01-08T13:36:15.479+02:00  INFO 16400 --- [webshop] [main] o.h.e.t.j.p.i.JtaPlatformInitiator       : HHH000489: No JTA platform available (set 'hibernate.transaction.jta.platform' to enable JTA platform integration)
2026-01-08T13:36:15.586+02:00  INFO 16400 --- [webshop] [main] j.LocalContainerEntityManagerFactoryBean : Initialized JPA EntityManagerFactory for persistence unit 'default'
2026-01-08T13:36:15.650+02:00  INFO 16400 --- [webshop] [main] o.s.d.j.r.query.QueryEnhancerFactories   : Hibernate is in classpath; If applicable, HQL parser will be used.
2026-01-08T13:36:15.856+02:00  WARN 16400 --- [webshop] [main] JpaBaseConfiguration$JpaWebConfiguration : spring.jpa.open-in-view is enabled by default. Therefore, database queries may be performed during view rendering. Explicitly configure spring.jpa.open-in-view to disable this warning
2026-01-08T13:36:16.120+02:00  INFO 16400 --- [webshop] [main] o.s.boot.tomcat.TomcatWebServer          : Tomcat started on port 8099 (http) with context path '/'
2026-01-08T13:36:16.125+02:00  INFO 16400 --- [webshop] [main] ee.geir.webshop.WebshopApplication       : Started WebshopApplication in 3.716 seconds (process running for 4.044)
2026-01-08T13:36:18.610+02:00  INFO 16400 --- [webshop] [http-nio-8099-exec-1] o.a.c.c.C.[Tomcat].[localhost].[/]       : Initializing Spring DispatcherServlet 'dispatcherServlet'
2026-01-08T13:36:18.610+02:00  INFO 16400 --- [webshop] [http-nio-8099-exec-1] o.s.web.servlet.DispatcherServlet        : Initializing Servlet 'dispatcherServlet'
2026-01-08T13:36:18.612+02:00  INFO 16400 --- [webshop] [http-nio-8099-exec-1] o.s.web.servlet.DispatcherServlet        : Completed initialization in 2 ms
2026-01-08T13:41:13.428+02:00  INFO 16400 --- [webshop] [SpringApplicationShutdownHook] o.s.boot.tomcat.GracefulShutdown         : Commencing graceful shutdown. Waiting for active requests to complete
2026-01-08T13:41:13.432+02:00  INFO 16400 --- [webshop] [tomcat-shutdown] o.s.boot.tomcat.GracefulShutdown         : Graceful shutdown complete
2026-01-08T13:41:13.434+02:00  INFO 16400 --- [webshop] [SpringApplicationShutdownHook] j.LocalContainerEntityManagerFactoryBean : Closing JPA EntityManagerFactory for persistence unit 'default'
2026-01-08T13:41:13.437+02:00  INFO 16400 --- [webshop] [SpringApplicationShutdownHook] com.zaxxer.hikari.HikariDataSource       : HikariPool-1 - Shutdown initiated...
2026-01-08T13:41:13.440+02:00  INFO 16400 --- [webshop] [SpringApplicationShutdownHook] com.zaxxer.hikari.HikariDataSource       : HikariPool-1 - Shutdown completed.
2026-01-08T13:41:23.620+02:00  INFO 2652 --- [webshop] [main] ee.geir.webshop.WebshopApplication       : Starting WebshopApplication using Java 21.0.9 with PID 2652 (C:\Users\i9\Documents\GitHub\2025-12-webshop\target\classes started by i9 in C:\Users\i9\Documents\GitHub\2025-12-webshop)
2026-01-08T13:41:23.624+02:00  INFO 2652 --- [webshop] [main] ee.geir.webshop.WebshopApplication       : No active profile set, falling back to 1 default profile: "default"
2026-01-08T13:41:24.148+02:00  INFO 2652 --- [webshop] [main] .s.d.r.c.RepositoryConfigurationDelegate : Bootstrapping Spring Data JPA repositories in DEFAULT mode.
2026-01-08T13:41:24.207+02:00  INFO 2652 --- [webshop] [main] .s.d.r.c.RepositoryConfigurationDelegate : Finished Spring Data repository scanning in 51 ms. Found 4 JPA repository interfaces.
2026-01-08T13:41:24.639+02:00  INFO 2652 --- [webshop] [main] o.s.boot.tomcat.TomcatWebServer          : Tomcat initialized with port 8099 (http)
2026-01-08T13:41:24.650+02:00  INFO 2652 --- [webshop] [main] o.apache.catalina.core.StandardService   : Starting service [Tomcat]
2026-01-08T13:41:24.650+02:00  INFO 2652 --- [webshop] [main] o.apache.catalina.core.StandardEngine    : Starting Servlet engine: [Apache Tomcat/11.0.14]
2026-01-08T13:41:24.691+02:00  INFO 2652 --- [webshop] [main] b.w.c.s.WebApplicationContextInitializer : Root WebApplicationContext: initialization completed in 1030 ms
2026-01-08T13:41:24.846+02:00  INFO 2652 --- [webshop] [main] o.hibernate.jpa.internal.util.LogHelper  : HHH000204: Processing PersistenceUnitInfo [name: default]
2026-01-08T13:41:24.883+02:00  INFO 2652 --- [webshop] [main] org.hibernate.Version                    : HHH000412: Hibernate ORM core version 7.1.8.Final
2026-01-08T13:41:25.275+02:00  INFO 2652 --- [webshop] [main] o.s.o.j.p.SpringPersistenceUnitInfo      : No LoadTimeWeaver setup: ignoring JPA class transformer
2026-01-08T13:41:25.304+02:00  INFO 2652 --- [webshop] [main] com.zaxxer.hikari.HikariDataSource       : HikariPool-1 - Starting...
2026-01-08T13:41:25.556+02:00  INFO 2652 --- [webshop] [main] com.zaxxer.hikari.pool.HikariPool        : HikariPool-1 - Added connection org.postgresql.jdbc.PgConnection@51743cc0
2026-01-08T13:41:25.557+02:00  INFO 2652 --- [webshop] [main] com.zaxxer.hikari.HikariDataSource       : HikariPool-1 - Start completed.
2026-01-08T13:41:25.614+02:00  INFO 2652 --- [webshop] [main] org.hibernate.orm.connections.pooling    : HHH10001005: Database info:
	Database JDBC URL [jdbc:postgresql://localhost:5432/veebipood]
	Database driver: PostgreSQL JDBC Driver
	Database dialect: PostgreSQLDialect
	Database version: 18.1
	Default catalog/schema: veebipood/public
	Autocommit mode: undefined/unknown
	Isolation level: READ_COMMITTED [default READ_COMMITTED]
	JDBC fetch size: none
	Pool: DatasourceConnectionProviderImpl
	Minimum pool size: undefined/unknown
	Maximum pool size: undefined/unknown
2026-01-08T13:41:26.338+02:00  INFO 2652 --- [webshop] [main] o.h.e.t.j.p.i.JtaPlatformInitiator       : HHH000489: No JTA platform available (set 'hibernate.transaction.jta.platform' to enable JTA platform integration)
2026-01-08T13:41:26.451+02:00  INFO 2652 --- [webshop] [main] j.LocalContainerEntityManagerFactoryBean : Initialized JPA EntityManagerFactory for persistence unit 'default'
2026-01-08T13:41:26.514+02:00  INFO 2652 --- [webshop] [main] o.s.d.j.r.query.QueryEnhancerFactories   : Hibernate is in classpath; If applicable, HQL parser will be used.
2026-01-08T13:41:26.710+02:00  WARN 2652 --- [webshop] [main] JpaBaseConfiguration$JpaWebConfiguration : spring.jpa.open-in-view is enabled by default. Therefore, database queries may be performed during view rendering. Explicitly configure spring.jpa.open-in-view to disable this warning
2026-01-08T13:41:26.958+02:00  INFO 2652 --- [webshop] [main] o.s.boot.tomcat.TomcatWebServer          : Tomcat started on port 8099 (http) with context path '/'
2026-01-08T13:41:26.964+02:00  INFO 2652 --- [webshop] [main] ee.geir.webshop.WebshopApplication       : Started WebshopApplication in 3.737 seconds (process running for 4.06)
2026-01-08T13:49:33.745+02:00  INFO 2652 --- [webshop] [SpringApplicationShutdownHook] o.s.boot.tomcat.GracefulShutdown         : Commencing graceful shutdown. Waiting for active requests to complete
2026-01-08T13:49:33.750+02:00  INFO 2652 --- [webshop] [tomcat-shutdown] o.s.boot.tomcat.GracefulShutdown         : Graceful shutdown complete
2026-01-08T13:49:33.752+02:00  INFO 2652 --- [webshop] [SpringApplicationShutdownHook] j.LocalContainerEntityManagerFactoryBean : Closing JPA EntityManagerFactory for persistence unit 'default'
2026-01-08T13:49:33.754+02:00  INFO 2652 --- [webshop] [SpringApplicationShutdownHook] com.zaxxer.hikari.HikariDataSource       : HikariPool-1 - Shutdown initiated...
2026-01-08T13:49:33.756+02:00  INFO 2652 --- [webshop] [SpringApplicationShutdownHook] com.zaxxer.hikari.HikariDataSource       : HikariPool-1 - Shutdown completed.
2026-01-08T13:49:36.716+02:00  INFO 46596 --- [webshop] [main] ee.geir.webshop.WebshopApplication       : Starting WebshopApplication using Java 21.0.9 with PID 46596 (C:\Users\i9\Documents\GitHub\2025-12-webshop\target\classes started by i9 in C:\Users\i9\Documents\GitHub\2025-12-webshop)
2026-01-08T13:49:36.718+02:00  INFO 46596 --- [webshop] [main] ee.geir.webshop.WebshopApplication       : No active profile set, falling back to 1 default profile: "default"
2026-01-08T13:49:37.250+02:00  INFO 46596 --- [webshop] [main] .s.d.r.c.RepositoryConfigurationDelegate : Bootstrapping Spring Data JPA repositories in DEFAULT mode.
2026-01-08T13:49:37.311+02:00  INFO 46596 --- [webshop] [main] .s.d.r.c.RepositoryConfigurationDelegate : Finished Spring Data repository scanning in 49 ms. Found 4 JPA repository interfaces.
2026-01-08T13:49:37.802+02:00  INFO 46596 --- [webshop] [main] o.s.boot.tomcat.TomcatWebServer          : Tomcat initialized with port 8099 (http)
2026-01-08T13:49:37.816+02:00  INFO 46596 --- [webshop] [main] o.apache.catalina.core.StandardService   : Starting service [Tomcat]
2026-01-08T13:49:37.817+02:00  INFO 46596 --- [webshop] [main] o.apache.catalina.core.StandardEngine    : Starting Servlet engine: [Apache Tomcat/11.0.14]
2026-01-08T13:49:37.866+02:00  INFO 46596 --- [webshop] [main] b.w.c.s.WebApplicationContextInitializer : Root WebApplicationContext: initialization completed in 1112 ms
2026-01-08T13:49:38.032+02:00  INFO 46596 --- [webshop] [main] o.hibernate.jpa.internal.util.LogHelper  : HHH000204: Processing PersistenceUnitInfo [name: default]
2026-01-08T13:49:38.087+02:00  INFO 46596 --- [webshop] [main] org.hibernate.Version                    : HHH000412: Hibernate ORM core version 7.1.8.Final
2026-01-08T13:49:38.482+02:00  INFO 46596 --- [webshop] [main] o.s.o.j.p.SpringPersistenceUnitInfo      : No LoadTimeWeaver setup: ignoring JPA class transformer
2026-01-08T13:49:38.513+02:00  INFO 46596 --- [webshop] [main] com.zaxxer.hikari.HikariDataSource       : HikariPool-1 - Starting...
2026-01-08T13:49:38.774+02:00  INFO 46596 --- [webshop] [main] com.zaxxer.hikari.pool.HikariPool        : HikariPool-1 - Added connection org.postgresql.jdbc.PgConnection@51743cc0
2026-01-08T13:49:38.775+02:00  INFO 46596 --- [webshop] [main] com.zaxxer.hikari.HikariDataSource       : HikariPool-1 - Start completed.
2026-01-08T13:49:38.826+02:00  INFO 46596 --- [webshop] [main] org.hibernate.orm.connections.pooling    : HHH10001005: Database info:
	Database JDBC URL [jdbc:postgresql://localhost:5432/veebipood]
	Database driver: PostgreSQL JDBC Driver
	Database dialect: PostgreSQLDialect
	Database version: 18.1
	Default catalog/schema: veebipood/public
	Autocommit mode: undefined/unknown
	Isolation level: READ_COMMITTED [default READ_COMMITTED]
	JDBC fetch size: none
	Pool: DatasourceConnectionProviderImpl
	Minimum pool size: undefined/unknown
	Maximum pool size: undefined/unknown
2026-01-08T13:49:39.650+02:00  INFO 46596 --- [webshop] [main] o.h.e.t.j.p.i.JtaPlatformInitiator       : HHH000489: No JTA platform available (set 'hibernate.transaction.jta.platform' to enable JTA platform integration)
2026-01-08T13:49:39.801+02:00  INFO 46596 --- [webshop] [main] j.LocalContainerEntityManagerFactoryBean : Initialized JPA EntityManagerFactory for persistence unit 'default'
2026-01-08T13:49:39.889+02:00  INFO 46596 --- [webshop] [main] o.s.d.j.r.query.QueryEnhancerFactories   : Hibernate is in classpath; If applicable, HQL parser will be used.
2026-01-08T13:49:40.131+02:00  WARN 46596 --- [webshop] [main] JpaBaseConfiguration$JpaWebConfiguration : spring.jpa.open-in-view is enabled by default. Therefore, database queries may be performed during view rendering. Explicitly configure spring.jpa.open-in-view to disable this warning
2026-01-08T13:49:40.476+02:00  INFO 46596 --- [webshop] [main] o.s.boot.tomcat.TomcatWebServer          : Tomcat started on port 8099 (http) with context path '/'
2026-01-08T13:49:40.484+02:00  INFO 46596 --- [webshop] [main] ee.geir.webshop.WebshopApplication       : Started WebshopApplication in 4.197 seconds (process running for 4.535)
2026-01-08T13:49:46.173+02:00  INFO 46596 --- [webshop] [http-nio-8099-exec-1] o.a.c.c.C.[Tomcat].[localhost].[/]       : Initializing Spring DispatcherServlet 'dispatcherServlet'
2026-01-08T13:49:46.174+02:00  INFO 46596 --- [webshop] [http-nio-8099-exec-1] o.s.web.servlet.DispatcherServlet        : Initializing Servlet 'dispatcherServlet'
2026-01-08T13:49:46.175+02:00  INFO 46596 --- [webshop] [http-nio-8099-exec-1] o.s.web.servlet.DispatcherServlet        : Completed initialization in 1 ms
2026-01-08T13:55:53.425+02:00  INFO 46596 --- [webshop] [SpringApplicationShutdownHook] o.s.boot.tomcat.GracefulShutdown         : Commencing graceful shutdown. Waiting for active requests to complete
2026-01-08T13:55:53.429+02:00  INFO 46596 --- [webshop] [tomcat-shutdown] o.s.boot.tomcat.GracefulShutdown         : Graceful shutdown complete
2026-01-08T13:55:53.432+02:00  INFO 46596 --- [webshop] [SpringApplicationShutdownHook] j.LocalContainerEntityManagerFactoryBean : Closing JPA EntityManagerFactory for persistence unit 'default'
2026-01-08T13:55:53.433+02:00  INFO 46596 --- [webshop] [SpringApplicationShutdownHook] com.zaxxer.hikari.HikariDataSource       : HikariPool-1 - Shutdown initiated...
2026-01-08T13:55:53.435+02:00  INFO 46596 --- [webshop] [SpringApplicationShutdownHook] com.zaxxer.hikari.HikariDataSource       : HikariPool-1 - Shutdown completed.
2026-01-08T13:55:56.789+02:00  INFO 13928 --- [webshop] [main] ee.geir.webshop.WebshopApplication       : Starting WebshopApplication using Java 21.0.9 with PID 13928 (C:\Users\i9\Documents\GitHub\2025-12-webshop\target\classes started by i9 in C:\Users\i9\Documents\GitHub\2025-12-webshop)
2026-01-08T13:55:56.792+02:00  INFO 13928 --- [webshop] [main] ee.geir.webshop.WebshopApplication       : No active profile set, falling back to 1 default profile: "default"
2026-01-08T13:55:57.338+02:00  INFO 13928 --- [webshop] [main] .s.d.r.c.RepositoryConfigurationDelegate : Bootstrapping Spring Data JPA repositories in DEFAULT mode.
2026-01-08T13:55:57.398+02:00  INFO 13928 --- [webshop] [main] .s.d.r.c.RepositoryConfigurationDelegate : Finished Spring Data repository scanning in 52 ms. Found 4 JPA repository interfaces.
2026-01-08T13:55:57.824+02:00  INFO 13928 --- [webshop] [main] o.s.boot.tomcat.TomcatWebServer          : Tomcat initialized with port 8099 (http)
2026-01-08T13:55:57.835+02:00  INFO 13928 --- [webshop] [main] o.apache.catalina.core.StandardService   : Starting service [Tomcat]
2026-01-08T13:55:57.836+02:00  INFO 13928 --- [webshop] [main] o.apache.catalina.core.StandardEngine    : Starting Servlet engine: [Apache Tomcat/11.0.14]
2026-01-08T13:55:57.877+02:00  INFO 13928 --- [webshop] [main] b.w.c.s.WebApplicationContextInitializer : Root WebApplicationContext: initialization completed in 1043 ms
2026-01-08T13:55:58.044+02:00  INFO 13928 --- [webshop] [main] o.hibernate.jpa.internal.util.LogHelper  : HHH000204: Processing PersistenceUnitInfo [name: default]
2026-01-08T13:55:58.081+02:00  INFO 13928 --- [webshop] [main] org.hibernate.Version                    : HHH000412: Hibernate ORM core version 7.1.8.Final
2026-01-08T13:55:58.469+02:00  INFO 13928 --- [webshop] [main] o.s.o.j.p.SpringPersistenceUnitInfo      : No LoadTimeWeaver setup: ignoring JPA class transformer
2026-01-08T13:55:58.502+02:00  INFO 13928 --- [webshop] [main] com.zaxxer.hikari.HikariDataSource       : HikariPool-1 - Starting...
2026-01-08T13:55:58.754+02:00  INFO 13928 --- [webshop] [main] com.zaxxer.hikari.pool.HikariPool        : HikariPool-1 - Added connection org.postgresql.jdbc.PgConnection@51743cc0
2026-01-08T13:55:58.755+02:00  INFO 13928 --- [webshop] [main] com.zaxxer.hikari.HikariDataSource       : HikariPool-1 - Start completed.
2026-01-08T13:55:58.806+02:00  INFO 13928 --- [webshop] [main] org.hibernate.orm.connections.pooling    : HHH10001005: Database info:
	Database JDBC URL [jdbc:postgresql://localhost:5432/veebipood]
	Database driver: PostgreSQL JDBC Driver
	Database dialect: PostgreSQLDialect
	Database version: 18.1
	Default catalog/schema: veebipood/public
	Autocommit mode: undefined/unknown
	Isolation level: READ_COMMITTED [default READ_COMMITTED]
	JDBC fetch size: none
	Pool: DatasourceConnectionProviderImpl
	Minimum pool size: undefined/unknown
	Maximum pool size: undefined/unknown
2026-01-08T13:55:59.582+02:00  INFO 13928 --- [webshop] [main] o.h.e.t.j.p.i.JtaPlatformInitiator       : HHH000489: No JTA platform available (set 'hibernate.transaction.jta.platform' to enable JTA platform integration)
2026-01-08T13:55:59.690+02:00  INFO 13928 --- [webshop] [main] j.LocalContainerEntityManagerFactoryBean : Initialized JPA EntityManagerFactory for persistence unit 'default'
2026-01-08T13:55:59.759+02:00  INFO 13928 --- [webshop] [main] o.s.d.j.r.query.QueryEnhancerFactories   : Hibernate is in classpath; If applicable, HQL parser will be used.
2026-01-08T13:55:59.968+02:00  WARN 13928 --- [webshop] [main] JpaBaseConfiguration$JpaWebConfiguration : spring.jpa.open-in-view is enabled by default. Therefore, database queries may be performed during view rendering. Explicitly configure spring.jpa.open-in-view to disable this warning
2026-01-08T13:56:00.314+02:00  INFO 13928 --- [webshop] [main] o.s.boot.tomcat.TomcatWebServer          : Tomcat started on port 8099 (http) with context path '/'
2026-01-08T13:56:00.325+02:00  INFO 13928 --- [webshop] [main] ee.geir.webshop.WebshopApplication       : Started WebshopApplication in 3.972 seconds (process running for 4.32)
2026-01-08T13:56:13.250+02:00  INFO 13928 --- [webshop] [http-nio-8099-exec-2] o.a.c.c.C.[Tomcat].[localhost].[/]       : Initializing Spring DispatcherServlet 'dispatcherServlet'
2026-01-08T13:56:13.251+02:00  INFO 13928 --- [webshop] [http-nio-8099-exec-2] o.s.web.servlet.DispatcherServlet        : Initializing Servlet 'dispatcherServlet'
2026-01-08T13:56:13.255+02:00  INFO 13928 --- [webshop] [http-nio-8099-exec-2] o.s.web.servlet.DispatcherServlet        : Completed initialization in 4 ms
2026-01-08T13:57:38.801+02:00  WARN 13928 --- [webshop] [http-nio-8099-exec-4] ration$PageModule$WarningLoggingModifier : Serializing PageImpl instances as-is is not supported, meaning that there is no guarantee about the stability of the resulting JSON structure!
	For a stable JSON structure, please use Spring Data's PagedModel (globally via @EnableSpringDataWebSupport(pageSerializationMode = VIA_DTO))
	or Spring HATEOAS and Spring Data's PagedResourcesAssembler as documented in https://docs.spring.io/spring-data/commons/reference/repositories/core-extensions.html#core.web.pageables.

2026-01-08T14:07:18.170+02:00  INFO 13928 --- [webshop] [SpringApplicationShutdownHook] o.s.boot.tomcat.GracefulShutdown         : Commencing graceful shutdown. Waiting for active requests to complete
2026-01-08T14:07:18.174+02:00  INFO 13928 --- [webshop] [tomcat-shutdown] o.s.boot.tomcat.GracefulShutdown         : Graceful shutdown complete
2026-01-08T14:07:18.176+02:00  INFO 13928 --- [webshop] [SpringApplicationShutdownHook] j.LocalContainerEntityManagerFactoryBean : Closing JPA EntityManagerFactory for persistence unit 'default'
2026-01-08T14:07:18.179+02:00  INFO 13928 --- [webshop] [SpringApplicationShutdownHook] com.zaxxer.hikari.HikariDataSource       : HikariPool-1 - Shutdown initiated...
2026-01-08T14:07:18.181+02:00  INFO 13928 --- [webshop] [SpringApplicationShutdownHook] com.zaxxer.hikari.HikariDataSource       : HikariPool-1 - Shutdown completed.
2026-01-08T14:07:21.567+02:00  INFO 38916 --- [webshop] [main] ee.geir.webshop.WebshopApplication       : Starting WebshopApplication using Java 21.0.9 with PID 38916 (C:\Users\i9\Documents\GitHub\2025-12-webshop\target\classes started by i9 in C:\Users\i9\Documents\GitHub\2025-12-webshop)
2026-01-08T14:07:21.570+02:00  INFO 38916 --- [webshop] [main] ee.geir.webshop.WebshopApplication       : No active profile set, falling back to 1 default profile: "default"
2026-01-08T14:07:22.335+02:00  INFO 38916 --- [webshop] [main] .s.d.r.c.RepositoryConfigurationDelegate : Bootstrapping Spring Data JPA repositories in DEFAULT mode.
2026-01-08T14:07:22.403+02:00  INFO 38916 --- [webshop] [main] .s.d.r.c.RepositoryConfigurationDelegate : Finished Spring Data repository scanning in 60 ms. Found 4 JPA repository interfaces.
2026-01-08T14:07:22.894+02:00  INFO 38916 --- [webshop] [main] o.s.boot.tomcat.TomcatWebServer          : Tomcat initialized with port 8099 (http)
2026-01-08T14:07:22.905+02:00  INFO 38916 --- [webshop] [main] o.apache.catalina.core.StandardService   : Starting service [Tomcat]
2026-01-08T14:07:22.905+02:00  INFO 38916 --- [webshop] [main] o.apache.catalina.core.StandardEngine    : Starting Servlet engine: [Apache Tomcat/11.0.14]
2026-01-08T14:07:22.948+02:00  INFO 38916 --- [webshop] [main] b.w.c.s.WebApplicationContextInitializer : Root WebApplicationContext: initialization completed in 1319 ms
2026-01-08T14:07:23.088+02:00  INFO 38916 --- [webshop] [main] o.hibernate.jpa.internal.util.LogHelper  : HHH000204: Processing PersistenceUnitInfo [name: default]
2026-01-08T14:07:23.124+02:00  INFO 38916 --- [webshop] [main] org.hibernate.Version                    : HHH000412: Hibernate ORM core version 7.1.8.Final
2026-01-08T14:07:23.518+02:00  INFO 38916 --- [webshop] [main] o.s.o.j.p.SpringPersistenceUnitInfo      : No LoadTimeWeaver setup: ignoring JPA class transformer
2026-01-08T14:07:23.552+02:00  INFO 38916 --- [webshop] [main] com.zaxxer.hikari.HikariDataSource       : HikariPool-1 - Starting...
2026-01-08T14:07:23.711+02:00  INFO 38916 --- [webshop] [main] com.zaxxer.hikari.pool.HikariPool        : HikariPool-1 - Added connection org.postgresql.jdbc.PgConnection@4f20b022
2026-01-08T14:07:23.713+02:00  INFO 38916 --- [webshop] [main] com.zaxxer.hikari.HikariDataSource       : HikariPool-1 - Start completed.
2026-01-08T14:07:23.772+02:00  INFO 38916 --- [webshop] [main] org.hibernate.orm.connections.pooling    : HHH10001005: Database info:
	Database JDBC URL [jdbc:postgresql://localhost:5432/veebipood]
	Database driver: PostgreSQL JDBC Driver
	Database dialect: PostgreSQLDialect
	Database version: 18.1
	Default catalog/schema: veebipood/public
	Autocommit mode: undefined/unknown
	Isolation level: READ_COMMITTED [default READ_COMMITTED]
	JDBC fetch size: none
	Pool: DatasourceConnectionProviderImpl
	Minimum pool size: undefined/unknown
	Maximum pool size: undefined/unknown
2026-01-08T14:07:24.499+02:00  INFO 38916 --- [webshop] [main] o.h.e.t.j.p.i.JtaPlatformInitiator       : HHH000489: No JTA platform available (set 'hibernate.transaction.jta.platform' to enable JTA platform integration)
2026-01-08T14:07:24.610+02:00  INFO 38916 --- [webshop] [main] j.LocalContainerEntityManagerFactoryBean : Initialized JPA EntityManagerFactory for persistence unit 'default'
2026-01-08T14:07:24.683+02:00  INFO 38916 --- [webshop] [main] o.s.d.j.r.query.QueryEnhancerFactories   : Hibernate is in classpath; If applicable, HQL parser will be used.
2026-01-08T14:07:24.898+02:00  WARN 38916 --- [webshop] [main] JpaBaseConfiguration$JpaWebConfiguration : spring.jpa.open-in-view is enabled by default. Therefore, database queries may be performed during view rendering. Explicitly configure spring.jpa.open-in-view to disable this warning
2026-01-08T14:07:25.226+02:00  INFO 38916 --- [webshop] [main] o.s.boot.tomcat.TomcatWebServer          : Tomcat started on port 8099 (http) with context path '/'
2026-01-08T14:07:25.233+02:00  INFO 38916 --- [webshop] [main] ee.geir.webshop.WebshopApplication       : Started WebshopApplication in 4.176 seconds (process running for 4.599)
2026-01-08T14:07:31.621+02:00  INFO 38916 --- [webshop] [http-nio-8099-exec-1] o.a.c.c.C.[Tomcat].[localhost].[/]       : Initializing Spring DispatcherServlet 'dispatcherServlet'
2026-01-08T14:07:31.621+02:00  INFO 38916 --- [webshop] [http-nio-8099-exec-1] o.s.web.servlet.DispatcherServlet        : Initializing Servlet 'dispatcherServlet'
2026-01-08T14:07:31.622+02:00  INFO 38916 --- [webshop] [http-nio-8099-exec-1] o.s.web.servlet.DispatcherServlet        : Completed initialization in 1 ms
2026-01-08T14:22:43.161+02:00  INFO 38916 --- [webshop] [SpringApplicationShutdownHook] o.s.boot.tomcat.GracefulShutdown         : Commencing graceful shutdown. Waiting for active requests to complete
2026-01-08T14:22:43.165+02:00  INFO 38916 --- [webshop] [tomcat-shutdown] o.s.boot.tomcat.GracefulShutdown         : Graceful shutdown complete
2026-01-08T14:22:43.167+02:00  INFO 38916 --- [webshop] [SpringApplicationShutdownHook] j.LocalContainerEntityManagerFactoryBean : Closing JPA EntityManagerFactory for persistence unit 'default'
2026-01-08T14:22:43.169+02:00  INFO 38916 --- [webshop] [SpringApplicationShutdownHook] com.zaxxer.hikari.HikariDataSource       : HikariPool-1 - Shutdown initiated...
2026-01-08T14:22:43.171+02:00  INFO 38916 --- [webshop] [SpringApplicationShutdownHook] com.zaxxer.hikari.HikariDataSource       : HikariPool-1 - Shutdown completed.
2026-01-08T14:25:13.027+02:00  INFO 47552 --- [webshop] [main] ee.geir.webshop.WebshopApplication       : Starting WebshopApplication using Java 21.0.9 with PID 47552 (C:\Users\i9\Documents\GitHub\2025-12-webshop\target\classes started by i9 in C:\Users\i9\Documents\GitHub\2025-12-webshop)
2026-01-08T14:25:13.030+02:00  INFO 47552 --- [webshop] [main] ee.geir.webshop.WebshopApplication       : No active profile set, falling back to 1 default profile: "default"
2026-01-08T14:25:13.775+02:00  INFO 47552 --- [webshop] [main] .s.d.r.c.RepositoryConfigurationDelegate : Bootstrapping Spring Data JPA repositories in DEFAULT mode.
2026-01-08T14:25:13.846+02:00  INFO 47552 --- [webshop] [main] .s.d.r.c.RepositoryConfigurationDelegate : Finished Spring Data repository scanning in 62 ms. Found 4 JPA repository interfaces.
2026-01-08T14:25:14.362+02:00  INFO 47552 --- [webshop] [main] o.s.boot.tomcat.TomcatWebServer          : Tomcat initialized with port 8099 (http)
2026-01-08T14:25:14.377+02:00  INFO 47552 --- [webshop] [main] o.apache.catalina.core.StandardService   : Starting service [Tomcat]
2026-01-08T14:25:14.377+02:00  INFO 47552 --- [webshop] [main] o.apache.catalina.core.StandardEngine    : Starting Servlet engine: [Apache Tomcat/11.0.14]
2026-01-08T14:25:14.425+02:00  INFO 47552 --- [webshop] [main] b.w.c.s.WebApplicationContextInitializer : Root WebApplicationContext: initialization completed in 1342 ms
2026-01-08T14:25:14.586+02:00  INFO 47552 --- [webshop] [main] o.hibernate.jpa.internal.util.LogHelper  : HHH000204: Processing PersistenceUnitInfo [name: default]
2026-01-08T14:25:14.630+02:00  INFO 47552 --- [webshop] [main] org.hibernate.Version                    : HHH000412: Hibernate ORM core version 7.1.8.Final
2026-01-08T14:25:15.076+02:00  INFO 47552 --- [webshop] [main] o.s.o.j.p.SpringPersistenceUnitInfo      : No LoadTimeWeaver setup: ignoring JPA class transformer
2026-01-08T14:25:15.109+02:00  INFO 47552 --- [webshop] [main] com.zaxxer.hikari.HikariDataSource       : HikariPool-1 - Starting...
2026-01-08T14:25:15.303+02:00  INFO 47552 --- [webshop] [main] com.zaxxer.hikari.pool.HikariPool        : HikariPool-1 - Added connection org.postgresql.jdbc.PgConnection@4f20b022
2026-01-08T14:25:15.305+02:00  INFO 47552 --- [webshop] [main] com.zaxxer.hikari.HikariDataSource       : HikariPool-1 - Start completed.
2026-01-08T14:25:15.371+02:00  INFO 47552 --- [webshop] [main] org.hibernate.orm.connections.pooling    : HHH10001005: Database info:
	Database JDBC URL [jdbc:postgresql://localhost:5432/veebipood]
	Database driver: PostgreSQL JDBC Driver
	Database dialect: PostgreSQLDialect
	Database version: 18.1
	Default catalog/schema: veebipood/public
	Autocommit mode: undefined/unknown
	Isolation level: READ_COMMITTED [default READ_COMMITTED]
	JDBC fetch size: none
	Pool: DatasourceConnectionProviderImpl
	Minimum pool size: undefined/unknown
	Maximum pool size: undefined/unknown
2026-01-08T14:25:16.189+02:00  INFO 47552 --- [webshop] [main] o.h.e.t.j.p.i.JtaPlatformInitiator       : HHH000489: No JTA platform available (set 'hibernate.transaction.jta.platform' to enable JTA platform integration)
2026-01-08T14:25:16.310+02:00  INFO 47552 --- [webshop] [main] j.LocalContainerEntityManagerFactoryBean : Initialized JPA EntityManagerFactory for persistence unit 'default'
2026-01-08T14:25:16.381+02:00  INFO 47552 --- [webshop] [main] o.s.d.j.r.query.QueryEnhancerFactories   : Hibernate is in classpath; If applicable, HQL parser will be used.
2026-01-08T14:25:16.588+02:00  WARN 47552 --- [webshop] [main] JpaBaseConfiguration$JpaWebConfiguration : spring.jpa.open-in-view is enabled by default. Therefore, database queries may be performed during view rendering. Explicitly configure spring.jpa.open-in-view to disable this warning
2026-01-08T14:25:16.873+02:00  INFO 47552 --- [webshop] [main] o.s.boot.tomcat.TomcatWebServer          : Tomcat started on port 8099 (http) with context path '/'
2026-01-08T14:25:16.878+02:00  INFO 47552 --- [webshop] [main] ee.geir.webshop.WebshopApplication       : Started WebshopApplication in 4.45 seconds (process running for 4.836)
2026-01-08T14:25:22.124+02:00  INFO 47552 --- [webshop] [http-nio-8099-exec-1] o.a.c.c.C.[Tomcat].[localhost].[/]       : Initializing Spring DispatcherServlet 'dispatcherServlet'
2026-01-08T14:25:22.125+02:00  INFO 47552 --- [webshop] [http-nio-8099-exec-1] o.s.web.servlet.DispatcherServlet        : Initializing Servlet 'dispatcherServlet'
2026-01-08T14:25:22.127+02:00  INFO 47552 --- [webshop] [http-nio-8099-exec-1] o.s.web.servlet.DispatcherServlet        : Completed initialization in 2 ms
2026-01-08T14:30:34.828+02:00  INFO 47552 --- [webshop] [SpringApplicationShutdownHook] o.s.boot.tomcat.GracefulShutdown         : Commencing graceful shutdown. Waiting for active requests to complete
2026-01-08T14:30:34.832+02:00  INFO 47552 --- [webshop] [tomcat-shutdown] o.s.boot.tomcat.GracefulShutdown         : Graceful shutdown complete
2026-01-08T14:30:34.835+02:00  INFO 47552 --- [webshop] [SpringApplicationShutdownHook] j.LocalContainerEntityManagerFactoryBean : Closing JPA EntityManagerFactory for persistence unit 'default'
2026-01-08T14:30:34.839+02:00  INFO 47552 --- [webshop] [SpringApplicationShutdownHook] com.zaxxer.hikari.HikariDataSource       : HikariPool-1 - Shutdown initiated...
2026-01-08T14:30:34.841+02:00  INFO 47552 --- [webshop] [SpringApplicationShutdownHook] com.zaxxer.hikari.HikariDataSource       : HikariPool-1 - Shutdown completed.
2026-01-08T14:30:37.888+02:00  INFO 2068 --- [webshop] [main] ee.geir.webshop.WebshopApplication       : Starting WebshopApplication using Java 21.0.9 with PID 2068 (C:\Users\i9\Documents\GitHub\2025-12-webshop\target\classes started by i9 in C:\Users\i9\Documents\GitHub\2025-12-webshop)
2026-01-08T14:30:37.889+02:00  INFO 2068 --- [webshop] [main] ee.geir.webshop.WebshopApplication       : No active profile set, falling back to 1 default profile: "default"
2026-01-08T14:30:38.517+02:00  INFO 2068 --- [webshop] [main] .s.d.r.c.RepositoryConfigurationDelegate : Bootstrapping Spring Data JPA repositories in DEFAULT mode.
2026-01-08T14:30:38.583+02:00  INFO 2068 --- [webshop] [main] .s.d.r.c.RepositoryConfigurationDelegate : Finished Spring Data repository scanning in 55 ms. Found 4 JPA repository interfaces.
2026-01-08T14:30:39.182+02:00  INFO 2068 --- [webshop] [main] o.s.boot.tomcat.TomcatWebServer          : Tomcat initialized with port 8099 (http)
2026-01-08T14:30:39.198+02:00  INFO 2068 --- [webshop] [main] o.apache.catalina.core.StandardService   : Starting service [Tomcat]
2026-01-08T14:30:39.198+02:00  INFO 2068 --- [webshop] [main] o.apache.catalina.core.StandardEngine    : Starting Servlet engine: [Apache Tomcat/11.0.14]
2026-01-08T14:30:39.258+02:00  INFO 2068 --- [webshop] [main] b.w.c.s.WebApplicationContextInitializer : Root WebApplicationContext: initialization completed in 1320 ms
2026-01-08T14:30:39.491+02:00  INFO 2068 --- [webshop] [main] o.hibernate.jpa.internal.util.LogHelper  : HHH000204: Processing PersistenceUnitInfo [name: default]
2026-01-08T14:30:39.537+02:00  INFO 2068 --- [webshop] [main] org.hibernate.Version                    : HHH000412: Hibernate ORM core version 7.1.8.Final
2026-01-08T14:30:40.003+02:00  INFO 2068 --- [webshop] [main] o.s.o.j.p.SpringPersistenceUnitInfo      : No LoadTimeWeaver setup: ignoring JPA class transformer
2026-01-08T14:30:40.043+02:00  INFO 2068 --- [webshop] [main] com.zaxxer.hikari.HikariDataSource       : HikariPool-1 - Starting...
2026-01-08T14:30:40.308+02:00  INFO 2068 --- [webshop] [main] com.zaxxer.hikari.pool.HikariPool        : HikariPool-1 - Added connection org.postgresql.jdbc.PgConnection@51743cc0
2026-01-08T14:30:40.309+02:00  INFO 2068 --- [webshop] [main] com.zaxxer.hikari.HikariDataSource       : HikariPool-1 - Start completed.
2026-01-08T14:30:40.361+02:00  INFO 2068 --- [webshop] [main] org.hibernate.orm.connections.pooling    : HHH10001005: Database info:
	Database JDBC URL [jdbc:postgresql://localhost:5432/veebipood]
	Database driver: PostgreSQL JDBC Driver
	Database dialect: PostgreSQLDialect
	Database version: 18.1
	Default catalog/schema: veebipood/public
	Autocommit mode: undefined/unknown
	Isolation level: READ_COMMITTED [default READ_COMMITTED]
	JDBC fetch size: none
	Pool: DatasourceConnectionProviderImpl
	Minimum pool size: undefined/unknown
	Maximum pool size: undefined/unknown
2026-01-08T14:30:41.116+02:00  INFO 2068 --- [webshop] [main] o.h.e.t.j.p.i.JtaPlatformInitiator       : HHH000489: No JTA platform available (set 'hibernate.transaction.jta.platform' to enable JTA platform integration)
2026-01-08T14:30:41.233+02:00  INFO 2068 --- [webshop] [main] j.LocalContainerEntityManagerFactoryBean : Initialized JPA EntityManagerFactory for persistence unit 'default'
2026-01-08T14:30:41.306+02:00  INFO 2068 --- [webshop] [main] o.s.d.j.r.query.QueryEnhancerFactories   : Hibernate is in classpath; If applicable, HQL parser will be used.
2026-01-08T14:30:41.555+02:00  WARN 2068 --- [webshop] [main] JpaBaseConfiguration$JpaWebConfiguration : spring.jpa.open-in-view is enabled by default. Therefore, database queries may be performed during view rendering. Explicitly configure spring.jpa.open-in-view to disable this warning
2026-01-08T14:30:41.912+02:00  INFO 2068 --- [webshop] [main] o.s.boot.tomcat.TomcatWebServer          : Tomcat started on port 8099 (http) with context path '/'
2026-01-08T14:30:41.921+02:00  INFO 2068 --- [webshop] [main] ee.geir.webshop.WebshopApplication       : Started WebshopApplication in 4.488 seconds (process running for 4.885)
2026-01-08T14:30:54.780+02:00  INFO 2068 --- [webshop] [http-nio-8099-exec-1] o.a.c.c.C.[Tomcat].[localhost].[/]       : Initializing Spring DispatcherServlet 'dispatcherServlet'
2026-01-08T14:30:54.780+02:00  INFO 2068 --- [webshop] [http-nio-8099-exec-1] o.s.web.servlet.DispatcherServlet        : Initializing Servlet 'dispatcherServlet'
2026-01-08T14:30:54.782+02:00  INFO 2068 --- [webshop] [http-nio-8099-exec-1] o.s.web.servlet.DispatcherServlet        : Completed initialization in 2 ms
2026-01-08T14:51:08.947+02:00  INFO 2068 --- [webshop] [SpringApplicationShutdownHook] o.s.boot.tomcat.GracefulShutdown         : Commencing graceful shutdown. Waiting for active requests to complete
2026-01-08T14:51:08.952+02:00  INFO 2068 --- [webshop] [tomcat-shutdown] o.s.boot.tomcat.GracefulShutdown         : Graceful shutdown complete
2026-01-08T14:51:08.954+02:00  INFO 2068 --- [webshop] [SpringApplicationShutdownHook] j.LocalContainerEntityManagerFactoryBean : Closing JPA EntityManagerFactory for persistence unit 'default'
2026-01-08T14:51:08.956+02:00  INFO 2068 --- [webshop] [SpringApplicationShutdownHook] com.zaxxer.hikari.HikariDataSource       : HikariPool-1 - Shutdown initiated...
2026-01-08T14:51:08.958+02:00  INFO 2068 --- [webshop] [SpringApplicationShutdownHook] com.zaxxer.hikari.HikariDataSource       : HikariPool-1 - Shutdown completed.
2026-01-08T14:51:12.115+02:00  INFO 10076 --- [webshop] [main] ee.geir.webshop.WebshopApplication       : Starting WebshopApplication using Java 21.0.9 with PID 10076 (C:\Users\i9\Documents\GitHub\2025-12-webshop\target\classes started by i9 in C:\Users\i9\Documents\GitHub\2025-12-webshop)
2026-01-08T14:51:12.118+02:00  INFO 10076 --- [webshop] [main] ee.geir.webshop.WebshopApplication       : No active profile set, falling back to 1 default profile: "default"
2026-01-08T14:51:12.633+02:00  INFO 10076 --- [webshop] [main] .s.d.r.c.RepositoryConfigurationDelegate : Bootstrapping Spring Data JPA repositories in DEFAULT mode.
2026-01-08T14:51:12.699+02:00  INFO 10076 --- [webshop] [main] .s.d.r.c.RepositoryConfigurationDelegate : Finished Spring Data repository scanning in 55 ms. Found 4 JPA repository interfaces.
2026-01-08T14:51:13.163+02:00  INFO 10076 --- [webshop] [main] o.s.boot.tomcat.TomcatWebServer          : Tomcat initialized with port 8099 (http)
2026-01-08T14:51:13.173+02:00  INFO 10076 --- [webshop] [main] o.apache.catalina.core.StandardService   : Starting service [Tomcat]
2026-01-08T14:51:13.174+02:00  INFO 10076 --- [webshop] [main] o.apache.catalina.core.StandardEngine    : Starting Servlet engine: [Apache Tomcat/11.0.14]
2026-01-08T14:51:13.217+02:00  INFO 10076 --- [webshop] [main] b.w.c.s.WebApplicationContextInitializer : Root WebApplicationContext: initialization completed in 1064 ms
2026-01-08T14:51:13.363+02:00  INFO 10076 --- [webshop] [main] o.hibernate.jpa.internal.util.LogHelper  : HHH000204: Processing PersistenceUnitInfo [name: default]
2026-01-08T14:51:13.400+02:00  INFO 10076 --- [webshop] [main] org.hibernate.Version                    : HHH000412: Hibernate ORM core version 7.1.8.Final
2026-01-08T14:51:13.771+02:00  INFO 10076 --- [webshop] [main] o.s.o.j.p.SpringPersistenceUnitInfo      : No LoadTimeWeaver setup: ignoring JPA class transformer
2026-01-08T14:51:13.799+02:00  INFO 10076 --- [webshop] [main] com.zaxxer.hikari.HikariDataSource       : HikariPool-1 - Starting...
2026-01-08T14:51:14.048+02:00  INFO 10076 --- [webshop] [main] com.zaxxer.hikari.pool.HikariPool        : HikariPool-1 - Added connection org.postgresql.jdbc.PgConnection@51743cc0
2026-01-08T14:51:14.049+02:00  INFO 10076 --- [webshop] [main] com.zaxxer.hikari.HikariDataSource       : HikariPool-1 - Start completed.
2026-01-08T14:51:14.100+02:00  INFO 10076 --- [webshop] [main] org.hibernate.orm.connections.pooling    : HHH10001005: Database info:
	Database JDBC URL [jdbc:postgresql://localhost:5432/veebipood]
	Database driver: PostgreSQL JDBC Driver
	Database dialect: PostgreSQLDialect
	Database version: 18.1
	Default catalog/schema: veebipood/public
	Autocommit mode: undefined/unknown
	Isolation level: READ_COMMITTED [default READ_COMMITTED]
	JDBC fetch size: none
	Pool: DatasourceConnectionProviderImpl
	Minimum pool size: undefined/unknown
	Maximum pool size: undefined/unknown
2026-01-08T14:51:14.818+02:00  INFO 10076 --- [webshop] [main] o.h.e.t.j.p.i.JtaPlatformInitiator       : HHH000489: No JTA platform available (set 'hibernate.transaction.jta.platform' to enable JTA platform integration)
2026-01-08T14:51:14.938+02:00  INFO 10076 --- [webshop] [main] j.LocalContainerEntityManagerFactoryBean : Initialized JPA EntityManagerFactory for persistence unit 'default'
2026-01-08T14:51:15.007+02:00  INFO 10076 --- [webshop] [main] o.s.d.j.r.query.QueryEnhancerFactories   : Hibernate is in classpath; If applicable, HQL parser will be used.
2026-01-08T14:51:15.204+02:00  WARN 10076 --- [webshop] [main] JpaBaseConfiguration$JpaWebConfiguration : spring.jpa.open-in-view is enabled by default. Therefore, database queries may be performed during view rendering. Explicitly configure spring.jpa.open-in-view to disable this warning
2026-01-08T14:51:15.458+02:00  INFO 10076 --- [webshop] [main] o.s.boot.tomcat.TomcatWebServer          : Tomcat started on port 8099 (http) with context path '/'
2026-01-08T14:51:15.464+02:00  INFO 10076 --- [webshop] [main] ee.geir.webshop.WebshopApplication       : Started WebshopApplication in 3.734 seconds (process running for 4.114)
2026-01-08T14:52:54.577+02:00  INFO 10076 --- [webshop] [SpringApplicationShutdownHook] o.s.boot.tomcat.GracefulShutdown         : Commencing graceful shutdown. Waiting for active requests to complete
2026-01-08T14:52:54.581+02:00  INFO 10076 --- [webshop] [tomcat-shutdown] o.s.boot.tomcat.GracefulShutdown         : Graceful shutdown complete
2026-01-08T14:52:54.583+02:00  INFO 10076 --- [webshop] [SpringApplicationShutdownHook] j.LocalContainerEntityManagerFactoryBean : Closing JPA EntityManagerFactory for persistence unit 'default'
2026-01-08T14:52:54.585+02:00  INFO 10076 --- [webshop] [SpringApplicationShutdownHook] com.zaxxer.hikari.HikariDataSource       : HikariPool-1 - Shutdown initiated...
2026-01-08T14:52:54.587+02:00  INFO 10076 --- [webshop] [SpringApplicationShutdownHook] com.zaxxer.hikari.HikariDataSource       : HikariPool-1 - Shutdown completed.
2026-01-08T14:52:57.512+02:00  INFO 46628 --- [webshop] [main] ee.geir.webshop.WebshopApplication       : Starting WebshopApplication using Java 21.0.9 with PID 46628 (C:\Users\i9\Documents\GitHub\2025-12-webshop\target\classes started by i9 in C:\Users\i9\Documents\GitHub\2025-12-webshop)
2026-01-08T14:52:57.517+02:00  INFO 46628 --- [webshop] [main] ee.geir.webshop.WebshopApplication       : No active profile set, falling back to 1 default profile: "default"
2026-01-08T14:52:58.242+02:00  INFO 46628 --- [webshop] [main] .s.d.r.c.RepositoryConfigurationDelegate : Bootstrapping Spring Data JPA repositories in DEFAULT mode.
2026-01-08T14:52:58.317+02:00  INFO 46628 --- [webshop] [main] .s.d.r.c.RepositoryConfigurationDelegate : Finished Spring Data repository scanning in 64 ms. Found 4 JPA repository interfaces.
2026-01-08T14:52:58.795+02:00  INFO 46628 --- [webshop] [main] o.s.boot.tomcat.TomcatWebServer          : Tomcat initialized with port 8099 (http)
2026-01-08T14:52:58.808+02:00  INFO 46628 --- [webshop] [main] o.apache.catalina.core.StandardService   : Starting service [Tomcat]
2026-01-08T14:52:58.808+02:00  INFO 46628 --- [webshop] [main] o.apache.catalina.core.StandardEngine    : Starting Servlet engine: [Apache Tomcat/11.0.14]
2026-01-08T14:52:58.862+02:00  INFO 46628 --- [webshop] [main] b.w.c.s.WebApplicationContextInitializer : Root WebApplicationContext: initialization completed in 1298 ms
2026-01-08T14:52:59.035+02:00  INFO 46628 --- [webshop] [main] o.hibernate.jpa.internal.util.LogHelper  : HHH000204: Processing PersistenceUnitInfo [name: default]
2026-01-08T14:52:59.082+02:00  INFO 46628 --- [webshop] [main] org.hibernate.Version                    : HHH000412: Hibernate ORM core version 7.1.8.Final
2026-01-08T14:52:59.481+02:00  INFO 46628 --- [webshop] [main] o.s.o.j.p.SpringPersistenceUnitInfo      : No LoadTimeWeaver setup: ignoring JPA class transformer
2026-01-08T14:52:59.510+02:00  INFO 46628 --- [webshop] [main] com.zaxxer.hikari.HikariDataSource       : HikariPool-1 - Starting...
2026-01-08T14:52:59.749+02:00  INFO 46628 --- [webshop] [main] com.zaxxer.hikari.pool.HikariPool        : HikariPool-1 - Added connection org.postgresql.jdbc.PgConnection@51743cc0
2026-01-08T14:52:59.750+02:00  INFO 46628 --- [webshop] [main] com.zaxxer.hikari.HikariDataSource       : HikariPool-1 - Start completed.
2026-01-08T14:52:59.809+02:00  INFO 46628 --- [webshop] [main] org.hibernate.orm.connections.pooling    : HHH10001005: Database info:
	Database JDBC URL [jdbc:postgresql://localhost:5432/veebipood]
	Database driver: PostgreSQL JDBC Driver
	Database dialect: PostgreSQLDialect
	Database version: 18.1
	Default catalog/schema: veebipood/public
	Autocommit mode: undefined/unknown
	Isolation level: READ_COMMITTED [default READ_COMMITTED]
	JDBC fetch size: none
	Pool: DatasourceConnectionProviderImpl
	Minimum pool size: undefined/unknown
	Maximum pool size: undefined/unknown
2026-01-08T14:53:00.551+02:00  INFO 46628 --- [webshop] [main] o.h.e.t.j.p.i.JtaPlatformInitiator       : HHH000489: No JTA platform available (set 'hibernate.transaction.jta.platform' to enable JTA platform integration)
2026-01-08T14:53:00.723+02:00  INFO 46628 --- [webshop] [main] j.LocalContainerEntityManagerFactoryBean : Initialized JPA EntityManagerFactory for persistence unit 'default'
2026-01-08T14:53:00.798+02:00  INFO 46628 --- [webshop] [main] o.s.d.j.r.query.QueryEnhancerFactories   : Hibernate is in classpath; If applicable, HQL parser will be used.
2026-01-08T14:53:01.016+02:00  WARN 46628 --- [webshop] [main] JpaBaseConfiguration$JpaWebConfiguration : spring.jpa.open-in-view is enabled by default. Therefore, database queries may be performed during view rendering. Explicitly configure spring.jpa.open-in-view to disable this warning
2026-01-08T14:53:01.262+02:00  INFO 46628 --- [webshop] [main] o.s.boot.tomcat.TomcatWebServer          : Tomcat started on port 8099 (http) with context path '/'
2026-01-08T14:53:01.266+02:00  INFO 46628 --- [webshop] [main] ee.geir.webshop.WebshopApplication       : Started WebshopApplication in 4.258 seconds (process running for 4.656)
2026-01-08T14:53:11.425+02:00  INFO 46628 --- [webshop] [http-nio-8099-exec-1] o.a.c.c.C.[Tomcat].[localhost].[/]       : Initializing Spring DispatcherServlet 'dispatcherServlet'
2026-01-08T14:53:11.426+02:00  INFO 46628 --- [webshop] [http-nio-8099-exec-1] o.s.web.servlet.DispatcherServlet        : Initializing Servlet 'dispatcherServlet'
2026-01-08T14:53:11.428+02:00  INFO 46628 --- [webshop] [http-nio-8099-exec-1] o.s.web.servlet.DispatcherServlet        : Completed initialization in 2 ms
2026-01-08T15:55:11.185+02:00  INFO 46628 --- [webshop] [SpringApplicationShutdownHook] o.s.boot.tomcat.GracefulShutdown         : Commencing graceful shutdown. Waiting for active requests to complete
2026-01-08T15:55:11.189+02:00  INFO 46628 --- [webshop] [tomcat-shutdown] o.s.boot.tomcat.GracefulShutdown         : Graceful shutdown complete
2026-01-08T15:55:11.191+02:00  INFO 46628 --- [webshop] [SpringApplicationShutdownHook] j.LocalContainerEntityManagerFactoryBean : Closing JPA EntityManagerFactory for persistence unit 'default'
2026-01-08T15:55:11.194+02:00  INFO 46628 --- [webshop] [SpringApplicationShutdownHook] com.zaxxer.hikari.HikariDataSource       : HikariPool-1 - Shutdown initiated...
2026-01-08T15:55:11.196+02:00  INFO 46628 --- [webshop] [SpringApplicationShutdownHook] com.zaxxer.hikari.HikariDataSource       : HikariPool-1 - Shutdown completed.
2026-01-08T15:55:14.283+02:00  INFO 46584 --- [webshop] [main] ee.geir.webshop.WebshopApplication       : Starting WebshopApplication using Java 21.0.9 with PID 46584 (C:\Users\i9\Documents\GitHub\2025-12-webshop\target\classes started by i9 in C:\Users\i9\Documents\GitHub\2025-12-webshop)
2026-01-08T15:55:14.285+02:00  INFO 46584 --- [webshop] [main] ee.geir.webshop.WebshopApplication       : No active profile set, falling back to 1 default profile: "default"
2026-01-08T15:55:14.896+02:00  INFO 46584 --- [webshop] [main] .s.d.r.c.RepositoryConfigurationDelegate : Bootstrapping Spring Data JPA repositories in DEFAULT mode.
2026-01-08T15:55:14.981+02:00  INFO 46584 --- [webshop] [main] .s.d.r.c.RepositoryConfigurationDelegate : Finished Spring Data repository scanning in 74 ms. Found 4 JPA repository interfaces.
2026-01-08T15:55:15.507+02:00  INFO 46584 --- [webshop] [main] o.s.boot.tomcat.TomcatWebServer          : Tomcat initialized with port 8099 (http)
2026-01-08T15:55:15.524+02:00  INFO 46584 --- [webshop] [main] o.apache.catalina.core.StandardService   : Starting service [Tomcat]
2026-01-08T15:55:15.525+02:00  INFO 46584 --- [webshop] [main] o.apache.catalina.core.StandardEngine    : Starting Servlet engine: [Apache Tomcat/11.0.14]
2026-01-08T15:55:15.571+02:00  INFO 46584 --- [webshop] [main] b.w.c.s.WebApplicationContextInitializer : Root WebApplicationContext: initialization completed in 1247 ms
2026-01-08T15:55:15.725+02:00  INFO 46584 --- [webshop] [main] o.hibernate.jpa.internal.util.LogHelper  : HHH000204: Processing PersistenceUnitInfo [name: default]
2026-01-08T15:55:15.760+02:00  INFO 46584 --- [webshop] [main] org.hibernate.Version                    : HHH000412: Hibernate ORM core version 7.1.8.Final
2026-01-08T15:55:16.162+02:00  INFO 46584 --- [webshop] [main] o.s.o.j.p.SpringPersistenceUnitInfo      : No LoadTimeWeaver setup: ignoring JPA class transformer
2026-01-08T15:55:16.204+02:00  INFO 46584 --- [webshop] [main] com.zaxxer.hikari.HikariDataSource       : HikariPool-1 - Starting...
2026-01-08T15:55:16.394+02:00  INFO 46584 --- [webshop] [main] com.zaxxer.hikari.pool.HikariPool        : HikariPool-1 - Added connection org.postgresql.jdbc.PgConnection@3a72e2e8
2026-01-08T15:55:16.396+02:00  INFO 46584 --- [webshop] [main] com.zaxxer.hikari.HikariDataSource       : HikariPool-1 - Start completed.
2026-01-08T15:55:16.453+02:00  INFO 46584 --- [webshop] [main] org.hibernate.orm.connections.pooling    : HHH10001005: Database info:
	Database JDBC URL [jdbc:postgresql://localhost:5432/veebipood]
	Database driver: PostgreSQL JDBC Driver
	Database dialect: PostgreSQLDialect
	Database version: 18.1
	Default catalog/schema: veebipood/public
	Autocommit mode: undefined/unknown
	Isolation level: READ_COMMITTED [default READ_COMMITTED]
	JDBC fetch size: none
	Pool: DatasourceConnectionProviderImpl
	Minimum pool size: undefined/unknown
	Maximum pool size: undefined/unknown
2026-01-08T15:55:17.294+02:00  INFO 46584 --- [webshop] [main] o.h.e.t.j.p.i.JtaPlatformInitiator       : HHH000489: No JTA platform available (set 'hibernate.transaction.jta.platform' to enable JTA platform integration)
2026-01-08T15:55:17.410+02:00  INFO 46584 --- [webshop] [main] j.LocalContainerEntityManagerFactoryBean : Initialized JPA EntityManagerFactory for persistence unit 'default'
2026-01-08T15:55:17.494+02:00  INFO 46584 --- [webshop] [main] o.s.d.j.r.query.QueryEnhancerFactories   : Hibernate is in classpath; If applicable, HQL parser will be used.
2026-01-08T15:55:17.702+02:00  WARN 46584 --- [webshop] [main] JpaBaseConfiguration$JpaWebConfiguration : spring.jpa.open-in-view is enabled by default. Therefore, database queries may be performed during view rendering. Explicitly configure spring.jpa.open-in-view to disable this warning
2026-01-08T15:55:17.950+02:00  INFO 46584 --- [webshop] [main] o.s.boot.tomcat.TomcatWebServer          : Tomcat started on port 8099 (http) with context path '/'
2026-01-08T15:55:17.956+02:00  INFO 46584 --- [webshop] [main] ee.geir.webshop.WebshopApplication       : Started WebshopApplication in 4.075 seconds (process running for 4.411)
2026-01-08T16:01:28.355+02:00  INFO 46584 --- [webshop] [http-nio-8099-exec-1] o.a.c.c.C.[Tomcat].[localhost].[/]       : Initializing Spring DispatcherServlet 'dispatcherServlet'
2026-01-08T16:01:28.356+02:00  INFO 46584 --- [webshop] [http-nio-8099-exec-1] o.s.web.servlet.DispatcherServlet        : Initializing Servlet 'dispatcherServlet'
2026-01-08T16:01:28.357+02:00  INFO 46584 --- [webshop] [http-nio-8099-exec-1] o.s.web.servlet.DispatcherServlet        : Completed initialization in 1 ms
2026-01-08T16:01:41.816+02:00  WARN 46584 --- [webshop] [http-nio-8099-exec-4] ration$PageModule$WarningLoggingModifier : Serializing PageImpl instances as-is is not supported, meaning that there is no guarantee about the stability of the resulting JSON structure!
	For a stable JSON structure, please use Spring Data's PagedModel (globally via @EnableSpringDataWebSupport(pageSerializationMode = VIA_DTO))
	or Spring HATEOAS and Spring Data's PagedResourcesAssembler as documented in https://docs.spring.io/spring-data/commons/reference/repositories/core-extensions.html#core.web.pageables.

2026-01-08T16:06:48.722+02:00  INFO 46584 --- [webshop] [http-nio-8099-exec-5] o.apache.coyote.http11.Http11Processor   : Error parsing HTTP request header
 Note: further occurrences of HTTP request parsing errors will be logged at DEBUG level.

java.lang.IllegalArgumentException: Invalid character found in method name [0x160x030x010x000xf30x010x000x000xef0x030x030xfaZ0xcd0xdc0x83kgUI0x800x9a0xdc0x8bCs10x820x93M0xb50xdc(0xcd>0xd0l0x8e0x810xc9S,f ]. HTTP method names must be tokens
	at org.apache.coyote.http11.Http11InputBuffer.parseRequestLine(Http11InputBuffer.java:391) ~[tomcat-embed-core-11.0.14.jar:11.0.14]
	at org.apache.coyote.http11.Http11Processor.service(Http11Processor.java:270) ~[tomcat-embed-core-11.0.14.jar:11.0.14]
	at org.apache.coyote.AbstractProcessorLight.process(AbstractProcessorLight.java:63) ~[tomcat-embed-core-11.0.14.jar:11.0.14]
	at org.apache.coyote.AbstractProtocol$ConnectionHandler.process(AbstractProtocol.java:903) ~[tomcat-embed-core-11.0.14.jar:11.0.14]
	at org.apache.tomcat.util.net.NioEndpoint$SocketProcessor.doRun(NioEndpoint.java:1778) ~[tomcat-embed-core-11.0.14.jar:11.0.14]
	at org.apache.tomcat.util.net.SocketProcessorBase.run(SocketProcessorBase.java:52) ~[tomcat-embed-core-11.0.14.jar:11.0.14]
	at org.apache.tomcat.util.threads.ThreadPoolExecutor.runWorker(ThreadPoolExecutor.java:946) ~[tomcat-embed-core-11.0.14.jar:11.0.14]
	at org.apache.tomcat.util.threads.ThreadPoolExecutor$Worker.run(ThreadPoolExecutor.java:480) ~[tomcat-embed-core-11.0.14.jar:11.0.14]
	at org.apache.tomcat.util.threads.TaskThread$WrappingRunnable.run(TaskThread.java:57) ~[tomcat-embed-core-11.0.14.jar:11.0.14]
	at java.base/java.lang.Thread.run(Thread.java:1583) ~[na:na]

2026-01-08T16:10:04.027+02:00  INFO 46584 --- [webshop] [SpringApplicationShutdownHook] o.s.boot.tomcat.GracefulShutdown         : Commencing graceful shutdown. Waiting for active requests to complete
2026-01-08T16:10:04.031+02:00  INFO 46584 --- [webshop] [tomcat-shutdown] o.s.boot.tomcat.GracefulShutdown         : Graceful shutdown complete
2026-01-08T16:10:04.034+02:00  INFO 46584 --- [webshop] [SpringApplicationShutdownHook] j.LocalContainerEntityManagerFactoryBean : Closing JPA EntityManagerFactory for persistence unit 'default'
2026-01-08T16:10:04.035+02:00  INFO 46584 --- [webshop] [SpringApplicationShutdownHook] com.zaxxer.hikari.HikariDataSource       : HikariPool-1 - Shutdown initiated...
2026-01-08T16:10:04.037+02:00  INFO 46584 --- [webshop] [SpringApplicationShutdownHook] com.zaxxer.hikari.HikariDataSource       : HikariPool-1 - Shutdown completed.
2026-01-08T16:10:15.442+02:00  INFO 41964 --- [webshop] [main] ee.geir.webshop.WebshopApplication       : Starting WebshopApplication using Java 21.0.9 with PID 41964 (C:\Users\i9\Documents\GitHub\2025-12-webshop\target\classes started by i9 in C:\Users\i9\Documents\GitHub\2025-12-webshop)
2026-01-08T16:10:15.444+02:00  INFO 41964 --- [webshop] [main] ee.geir.webshop.WebshopApplication       : No active profile set, falling back to 1 default profile: "default"
2026-01-08T16:10:15.999+02:00  INFO 41964 --- [webshop] [main] .s.d.r.c.RepositoryConfigurationDelegate : Bootstrapping Spring Data JPA repositories in DEFAULT mode.
2026-01-08T16:10:16.058+02:00  INFO 41964 --- [webshop] [main] .s.d.r.c.RepositoryConfigurationDelegate : Finished Spring Data repository scanning in 51 ms. Found 4 JPA repository interfaces.
2026-01-08T16:10:16.474+02:00  INFO 41964 --- [webshop] [main] o.s.boot.tomcat.TomcatWebServer          : Tomcat initialized with port 8099 (http)
2026-01-08T16:10:16.483+02:00  INFO 41964 --- [webshop] [main] o.apache.catalina.core.StandardService   : Starting service [Tomcat]
2026-01-08T16:10:16.484+02:00  INFO 41964 --- [webshop] [main] o.apache.catalina.core.StandardEngine    : Starting Servlet engine: [Apache Tomcat/11.0.14]
2026-01-08T16:10:16.527+02:00  INFO 41964 --- [webshop] [main] b.w.c.s.WebApplicationContextInitializer : Root WebApplicationContext: initialization completed in 1045 ms
2026-01-08T16:10:16.693+02:00  INFO 41964 --- [webshop] [main] o.hibernate.jpa.internal.util.LogHelper  : HHH000204: Processing PersistenceUnitInfo [name: default]
2026-01-08T16:10:16.729+02:00  INFO 41964 --- [webshop] [main] org.hibernate.Version                    : HHH000412: Hibernate ORM core version 7.1.8.Final
2026-01-08T16:10:17.127+02:00  INFO 41964 --- [webshop] [main] o.s.o.j.p.SpringPersistenceUnitInfo      : No LoadTimeWeaver setup: ignoring JPA class transformer
2026-01-08T16:10:17.158+02:00  INFO 41964 --- [webshop] [main] com.zaxxer.hikari.HikariDataSource       : HikariPool-1 - Starting...
2026-01-08T16:10:17.327+02:00  INFO 41964 --- [webshop] [main] com.zaxxer.hikari.pool.HikariPool        : HikariPool-1 - Added connection org.postgresql.jdbc.PgConnection@3a72e2e8
2026-01-08T16:10:17.328+02:00  INFO 41964 --- [webshop] [main] com.zaxxer.hikari.HikariDataSource       : HikariPool-1 - Start completed.
2026-01-08T16:10:17.384+02:00  INFO 41964 --- [webshop] [main] org.hibernate.orm.connections.pooling    : HHH10001005: Database info:
	Database JDBC URL [jdbc:postgresql://localhost:5432/veebipood]
	Database driver: PostgreSQL JDBC Driver
	Database dialect: PostgreSQLDialect
	Database version: 18.1
	Default catalog/schema: veebipood/public
	Autocommit mode: undefined/unknown
	Isolation level: READ_COMMITTED [default READ_COMMITTED]
	JDBC fetch size: none
	Pool: DatasourceConnectionProviderImpl
	Minimum pool size: undefined/unknown
	Maximum pool size: undefined/unknown
2026-01-08T16:10:18.077+02:00  INFO 41964 --- [webshop] [main] o.h.e.t.j.p.i.JtaPlatformInitiator       : HHH000489: No JTA platform available (set 'hibernate.transaction.jta.platform' to enable JTA platform integration)
2026-01-08T16:10:18.196+02:00  INFO 41964 --- [webshop] [main] j.LocalContainerEntityManagerFactoryBean : Initialized JPA EntityManagerFactory for persistence unit 'default'
2026-01-08T16:10:18.259+02:00  INFO 41964 --- [webshop] [main] o.s.d.j.r.query.QueryEnhancerFactories   : Hibernate is in classpath; If applicable, HQL parser will be used.
2026-01-08T16:10:18.460+02:00  WARN 41964 --- [webshop] [main] JpaBaseConfiguration$JpaWebConfiguration : spring.jpa.open-in-view is enabled by default. Therefore, database queries may be performed during view rendering. Explicitly configure spring.jpa.open-in-view to disable this warning
2026-01-08T16:10:18.711+02:00  INFO 41964 --- [webshop] [main] o.s.boot.tomcat.TomcatWebServer          : Tomcat started on port 8099 (http) with context path '/'
2026-01-08T16:10:18.715+02:00  INFO 41964 --- [webshop] [main] ee.geir.webshop.WebshopApplication       : Started WebshopApplication in 3.639 seconds (process running for 4.559)
2026-01-08T16:10:22.567+02:00  INFO 41964 --- [webshop] [http-nio-8099-exec-1] o.apache.coyote.http11.Http11Processor   : Error parsing HTTP request header
 Note: further occurrences of HTTP request parsing errors will be logged at DEBUG level.

java.lang.IllegalArgumentException: Invalid character found in method name [0x160x030x010x000xf30x010x000x000xef0x030x03F"0xa00xef0xb4-?mf'+0xaeFJ0xc40xf60x87L4K0xab0xa4!0x16#0x810xa90xecf0xd50xadt ]. HTTP method names must be tokens
	at org.apache.coyote.http11.Http11InputBuffer.parseRequestLine(Http11InputBuffer.java:391) ~[tomcat-embed-core-11.0.14.jar:11.0.14]
	at org.apache.coyote.http11.Http11Processor.service(Http11Processor.java:270) ~[tomcat-embed-core-11.0.14.jar:11.0.14]
	at org.apache.coyote.AbstractProcessorLight.process(AbstractProcessorLight.java:63) ~[tomcat-embed-core-11.0.14.jar:11.0.14]
	at org.apache.coyote.AbstractProtocol$ConnectionHandler.process(AbstractProtocol.java:903) ~[tomcat-embed-core-11.0.14.jar:11.0.14]
	at org.apache.tomcat.util.net.NioEndpoint$SocketProcessor.doRun(NioEndpoint.java:1778) ~[tomcat-embed-core-11.0.14.jar:11.0.14]
	at org.apache.tomcat.util.net.SocketProcessorBase.run(SocketProcessorBase.java:52) ~[tomcat-embed-core-11.0.14.jar:11.0.14]
	at org.apache.tomcat.util.threads.ThreadPoolExecutor.runWorker(ThreadPoolExecutor.java:946) ~[tomcat-embed-core-11.0.14.jar:11.0.14]
	at org.apache.tomcat.util.threads.ThreadPoolExecutor$Worker.run(ThreadPoolExecutor.java:480) ~[tomcat-embed-core-11.0.14.jar:11.0.14]
	at org.apache.tomcat.util.threads.TaskThread$WrappingRunnable.run(TaskThread.java:57) ~[tomcat-embed-core-11.0.14.jar:11.0.14]
	at java.base/java.lang.Thread.run(Thread.java:1583) ~[na:na]

2026-01-08T16:11:46.815+02:00  INFO 41964 --- [webshop] [http-nio-8099-exec-4] o.apache.coyote.http11.Http11Processor   : Error parsing HTTP request header
 Note: further occurrences of HTTP request parsing errors will be logged at DEBUG level.

java.lang.IllegalArgumentException: Invalid character found in method name [0x160x030x010x000xf30x010x000x000xef0x030x030x9a0xaa0x0dY0x9d0xdc0xbb0x00g0x04s-\>0x8d!Xd0x950xe83N0xb2'`0xea0xd5}0xfe0x05Q0xf6 ]. HTTP method names must be tokens
	at org.apache.coyote.http11.Http11InputBuffer.parseRequestLine(Http11InputBuffer.java:391) ~[tomcat-embed-core-11.0.14.jar:11.0.14]
	at org.apache.coyote.http11.Http11Processor.service(Http11Processor.java:270) ~[tomcat-embed-core-11.0.14.jar:11.0.14]
	at org.apache.coyote.AbstractProcessorLight.process(AbstractProcessorLight.java:63) ~[tomcat-embed-core-11.0.14.jar:11.0.14]
	at org.apache.coyote.AbstractProtocol$ConnectionHandler.process(AbstractProtocol.java:903) ~[tomcat-embed-core-11.0.14.jar:11.0.14]
	at org.apache.tomcat.util.net.NioEndpoint$SocketProcessor.doRun(NioEndpoint.java:1778) ~[tomcat-embed-core-11.0.14.jar:11.0.14]
	at org.apache.tomcat.util.net.SocketProcessorBase.run(SocketProcessorBase.java:52) ~[tomcat-embed-core-11.0.14.jar:11.0.14]
	at org.apache.tomcat.util.threads.ThreadPoolExecutor.runWorker(ThreadPoolExecutor.java:946) ~[tomcat-embed-core-11.0.14.jar:11.0.14]
	at org.apache.tomcat.util.threads.ThreadPoolExecutor$Worker.run(ThreadPoolExecutor.java:480) ~[tomcat-embed-core-11.0.14.jar:11.0.14]
	at org.apache.tomcat.util.threads.TaskThread$WrappingRunnable.run(TaskThread.java:57) ~[tomcat-embed-core-11.0.14.jar:11.0.14]
	at java.base/java.lang.Thread.run(Thread.java:1583) ~[na:na]

2026-01-08T16:12:58.049+02:00  INFO 41964 --- [webshop] [http-nio-8099-exec-6] o.a.c.c.C.[Tomcat].[localhost].[/]       : Initializing Spring DispatcherServlet 'dispatcherServlet'
2026-01-08T16:12:58.049+02:00  INFO 41964 --- [webshop] [http-nio-8099-exec-6] o.s.web.servlet.DispatcherServlet        : Initializing Servlet 'dispatcherServlet'
2026-01-08T16:12:58.051+02:00  INFO 41964 --- [webshop] [http-nio-8099-exec-6] o.s.web.servlet.DispatcherServlet        : Completed initialization in 2 ms
2026-01-08T16:13:16.570+02:00  INFO 41964 --- [webshop] [SpringApplicationShutdownHook] o.s.boot.tomcat.GracefulShutdown         : Commencing graceful shutdown. Waiting for active requests to complete
2026-01-08T16:13:16.574+02:00  INFO 41964 --- [webshop] [tomcat-shutdown] o.s.boot.tomcat.GracefulShutdown         : Graceful shutdown complete
2026-01-08T16:13:16.577+02:00  INFO 41964 --- [webshop] [SpringApplicationShutdownHook] j.LocalContainerEntityManagerFactoryBean : Closing JPA EntityManagerFactory for persistence unit 'default'
2026-01-08T16:13:16.579+02:00  INFO 41964 --- [webshop] [SpringApplicationShutdownHook] com.zaxxer.hikari.HikariDataSource       : HikariPool-1 - Shutdown initiated...
2026-01-08T16:13:16.586+02:00  INFO 41964 --- [webshop] [SpringApplicationShutdownHook] com.zaxxer.hikari.HikariDataSource       : HikariPool-1 - Shutdown completed.
2026-01-08T16:13:19.428+02:00  INFO 1184 --- [webshop] [main] ee.geir.webshop.WebshopApplication       : Starting WebshopApplication using Java 21.0.9 with PID 1184 (C:\Users\i9\Documents\GitHub\2025-12-webshop\target\classes started by i9 in C:\Users\i9\Documents\GitHub\2025-12-webshop)
2026-01-08T16:13:19.432+02:00  INFO 1184 --- [webshop] [main] ee.geir.webshop.WebshopApplication       : No active profile set, falling back to 1 default profile: "default"
2026-01-08T16:13:19.975+02:00  INFO 1184 --- [webshop] [main] .s.d.r.c.RepositoryConfigurationDelegate : Bootstrapping Spring Data JPA repositories in DEFAULT mode.
2026-01-08T16:13:20.040+02:00  INFO 1184 --- [webshop] [main] .s.d.r.c.RepositoryConfigurationDelegate : Finished Spring Data repository scanning in 53 ms. Found 4 JPA repository interfaces.
2026-01-08T16:13:20.490+02:00  INFO 1184 --- [webshop] [main] o.s.boot.tomcat.TomcatWebServer          : Tomcat initialized with port 8099 (http)
2026-01-08T16:13:20.503+02:00  INFO 1184 --- [webshop] [main] o.apache.catalina.core.StandardService   : Starting service [Tomcat]
2026-01-08T16:13:20.503+02:00  INFO 1184 --- [webshop] [main] o.apache.catalina.core.StandardEngine    : Starting Servlet engine: [Apache Tomcat/11.0.14]
2026-01-08T16:13:20.550+02:00  INFO 1184 --- [webshop] [main] b.w.c.s.WebApplicationContextInitializer : Root WebApplicationContext: initialization completed in 1078 ms
2026-01-08T16:13:20.721+02:00  INFO 1184 --- [webshop] [main] o.hibernate.jpa.internal.util.LogHelper  : HHH000204: Processing PersistenceUnitInfo [name: default]
2026-01-08T16:13:20.773+02:00  INFO 1184 --- [webshop] [main] org.hibernate.Version                    : HHH000412: Hibernate ORM core version 7.1.8.Final
2026-01-08T16:13:21.195+02:00  INFO 1184 --- [webshop] [main] o.s.o.j.p.SpringPersistenceUnitInfo      : No LoadTimeWeaver setup: ignoring JPA class transformer
2026-01-08T16:13:21.233+02:00  INFO 1184 --- [webshop] [main] com.zaxxer.hikari.HikariDataSource       : HikariPool-1 - Starting...
2026-01-08T16:13:21.394+02:00  INFO 1184 --- [webshop] [main] com.zaxxer.hikari.pool.HikariPool        : HikariPool-1 - Added connection org.postgresql.jdbc.PgConnection@28f90752
2026-01-08T16:13:21.395+02:00  INFO 1184 --- [webshop] [main] com.zaxxer.hikari.HikariDataSource       : HikariPool-1 - Start completed.
2026-01-08T16:13:21.455+02:00  INFO 1184 --- [webshop] [main] org.hibernate.orm.connections.pooling    : HHH10001005: Database info:
	Database JDBC URL [jdbc:postgresql://localhost:5432/veebipood]
	Database driver: PostgreSQL JDBC Driver
	Database dialect: PostgreSQLDialect
	Database version: 18.1
	Default catalog/schema: veebipood/public
	Autocommit mode: undefined/unknown
	Isolation level: READ_COMMITTED [default READ_COMMITTED]
	JDBC fetch size: none
	Pool: DatasourceConnectionProviderImpl
	Minimum pool size: undefined/unknown
	Maximum pool size: undefined/unknown
2026-01-08T16:13:22.256+02:00  INFO 1184 --- [webshop] [main] o.h.e.t.j.p.i.JtaPlatformInitiator       : HHH000489: No JTA platform available (set 'hibernate.transaction.jta.platform' to enable JTA platform integration)
2026-01-08T16:13:22.399+02:00  INFO 1184 --- [webshop] [main] j.LocalContainerEntityManagerFactoryBean : Initialized JPA EntityManagerFactory for persistence unit 'default'
2026-01-08T16:13:22.480+02:00  INFO 1184 --- [webshop] [main] o.s.d.j.r.query.QueryEnhancerFactories   : Hibernate is in classpath; If applicable, HQL parser will be used.
2026-01-08T16:13:22.731+02:00  WARN 1184 --- [webshop] [main] JpaBaseConfiguration$JpaWebConfiguration : spring.jpa.open-in-view is enabled by default. Therefore, database queries may be performed during view rendering. Explicitly configure spring.jpa.open-in-view to disable this warning
2026-01-08T16:13:23.128+02:00  INFO 1184 --- [webshop] [main] o.s.boot.tomcat.TomcatWebServer          : Tomcat started on port 8099 (http) with context path '/'
2026-01-08T16:13:23.134+02:00  INFO 1184 --- [webshop] [main] ee.geir.webshop.WebshopApplication       : Started WebshopApplication in 4.141 seconds (process running for 4.5)
2026-01-08T16:13:25.200+02:00  INFO 1184 --- [webshop] [http-nio-8099-exec-1] o.a.c.c.C.[Tomcat].[localhost].[/]       : Initializing Spring DispatcherServlet 'dispatcherServlet'
2026-01-08T16:13:25.200+02:00  INFO 1184 --- [webshop] [http-nio-8099-exec-1] o.s.web.servlet.DispatcherServlet        : Initializing Servlet 'dispatcherServlet'
2026-01-08T16:13:25.202+02:00  INFO 1184 --- [webshop] [http-nio-8099-exec-1] o.s.web.servlet.DispatcherServlet        : Completed initialization in 2 ms
2026-01-08T16:14:49.947+02:00  INFO 1184 --- [webshop] [SpringApplicationShutdownHook] o.s.boot.tomcat.GracefulShutdown         : Commencing graceful shutdown. Waiting for active requests to complete
2026-01-08T16:14:49.952+02:00  INFO 1184 --- [webshop] [tomcat-shutdown] o.s.boot.tomcat.GracefulShutdown         : Graceful shutdown complete
2026-01-08T16:14:49.954+02:00  INFO 1184 --- [webshop] [SpringApplicationShutdownHook] j.LocalContainerEntityManagerFactoryBean : Closing JPA EntityManagerFactory for persistence unit 'default'
2026-01-08T16:14:49.956+02:00  INFO 1184 --- [webshop] [SpringApplicationShutdownHook] com.zaxxer.hikari.HikariDataSource       : HikariPool-1 - Shutdown initiated...
2026-01-08T16:14:49.958+02:00  INFO 1184 --- [webshop] [SpringApplicationShutdownHook] com.zaxxer.hikari.HikariDataSource       : HikariPool-1 - Shutdown completed.
2026-01-08T16:14:52.613+02:00  INFO 17124 --- [webshop] [main] ee.geir.webshop.WebshopApplication       : Starting WebshopApplication using Java 21.0.9 with PID 17124 (C:\Users\i9\Documents\GitHub\2025-12-webshop\target\classes started by i9 in C:\Users\i9\Documents\GitHub\2025-12-webshop)
2026-01-08T16:14:52.615+02:00  INFO 17124 --- [webshop] [main] ee.geir.webshop.WebshopApplication       : No active profile set, falling back to 1 default profile: "default"
2026-01-08T16:14:53.164+02:00  INFO 17124 --- [webshop] [main] .s.d.r.c.RepositoryConfigurationDelegate : Bootstrapping Spring Data JPA repositories in DEFAULT mode.
2026-01-08T16:14:53.227+02:00  INFO 17124 --- [webshop] [main] .s.d.r.c.RepositoryConfigurationDelegate : Finished Spring Data repository scanning in 55 ms. Found 4 JPA repository interfaces.
2026-01-08T16:14:53.690+02:00  INFO 17124 --- [webshop] [main] o.s.boot.tomcat.TomcatWebServer          : Tomcat initialized with port 8099 (http)
2026-01-08T16:14:53.703+02:00  INFO 17124 --- [webshop] [main] o.apache.catalina.core.StandardService   : Starting service [Tomcat]
2026-01-08T16:14:53.704+02:00  INFO 17124 --- [webshop] [main] o.apache.catalina.core.StandardEngine    : Starting Servlet engine: [Apache Tomcat/11.0.14]
2026-01-08T16:14:53.746+02:00  INFO 17124 --- [webshop] [main] b.w.c.s.WebApplicationContextInitializer : Root WebApplicationContext: initialization completed in 1081 ms
2026-01-08T16:14:53.905+02:00  INFO 17124 --- [webshop] [main] o.hibernate.jpa.internal.util.LogHelper  : HHH000204: Processing PersistenceUnitInfo [name: default]
2026-01-08T16:14:53.950+02:00  INFO 17124 --- [webshop] [main] org.hibernate.Version                    : HHH000412: Hibernate ORM core version 7.1.8.Final
2026-01-08T16:14:54.341+02:00  INFO 17124 --- [webshop] [main] o.s.o.j.p.SpringPersistenceUnitInfo      : No LoadTimeWeaver setup: ignoring JPA class transformer
2026-01-08T16:14:54.373+02:00  INFO 17124 --- [webshop] [main] com.zaxxer.hikari.HikariDataSource       : HikariPool-1 - Starting...
2026-01-08T16:14:54.542+02:00  INFO 17124 --- [webshop] [main] com.zaxxer.hikari.pool.HikariPool        : HikariPool-1 - Added connection org.postgresql.jdbc.PgConnection@3a72e2e8
2026-01-08T16:14:54.543+02:00  INFO 17124 --- [webshop] [main] com.zaxxer.hikari.HikariDataSource       : HikariPool-1 - Start completed.
2026-01-08T16:14:54.596+02:00  INFO 17124 --- [webshop] [main] org.hibernate.orm.connections.pooling    : HHH10001005: Database info:
	Database JDBC URL [jdbc:postgresql://localhost:5432/veebipood]
	Database driver: PostgreSQL JDBC Driver
	Database dialect: PostgreSQLDialect
	Database version: 18.1
	Default catalog/schema: veebipood/public
	Autocommit mode: undefined/unknown
	Isolation level: READ_COMMITTED [default READ_COMMITTED]
	JDBC fetch size: none
	Pool: DatasourceConnectionProviderImpl
	Minimum pool size: undefined/unknown
	Maximum pool size: undefined/unknown
2026-01-08T16:14:55.337+02:00  INFO 17124 --- [webshop] [main] o.h.e.t.j.p.i.JtaPlatformInitiator       : HHH000489: No JTA platform available (set 'hibernate.transaction.jta.platform' to enable JTA platform integration)
2026-01-08T16:14:55.449+02:00  INFO 17124 --- [webshop] [main] j.LocalContainerEntityManagerFactoryBean : Initialized JPA EntityManagerFactory for persistence unit 'default'
2026-01-08T16:14:55.520+02:00  INFO 17124 --- [webshop] [main] o.s.d.j.r.query.QueryEnhancerFactories   : Hibernate is in classpath; If applicable, HQL parser will be used.
2026-01-08T16:14:55.723+02:00  WARN 17124 --- [webshop] [main] JpaBaseConfiguration$JpaWebConfiguration : spring.jpa.open-in-view is enabled by default. Therefore, database queries may be performed during view rendering. Explicitly configure spring.jpa.open-in-view to disable this warning
2026-01-08T16:14:55.984+02:00  INFO 17124 --- [webshop] [main] o.s.boot.tomcat.TomcatWebServer          : Tomcat started on port 8099 (http) with context path '/'
2026-01-08T16:14:55.989+02:00  INFO 17124 --- [webshop] [main] ee.geir.webshop.WebshopApplication       : Started WebshopApplication in 3.776 seconds (process running for 4.094)
2026-01-08T17:53:17.714+02:00  INFO 17124 --- [webshop] [SpringApplicationShutdownHook] o.s.boot.tomcat.GracefulShutdown         : Commencing graceful shutdown. Waiting for active requests to complete
2026-01-08T17:53:17.719+02:00  INFO 17124 --- [webshop] [tomcat-shutdown] o.s.boot.tomcat.GracefulShutdown         : Graceful shutdown complete
2026-01-08T17:53:17.722+02:00  INFO 17124 --- [webshop] [SpringApplicationShutdownHook] j.LocalContainerEntityManagerFactoryBean : Closing JPA EntityManagerFactory for persistence unit 'default'
2026-01-08T17:53:17.725+02:00  INFO 17124 --- [webshop] [SpringApplicationShutdownHook] com.zaxxer.hikari.HikariDataSource       : HikariPool-1 - Shutdown initiated...
2026-01-08T17:53:17.726+02:00  INFO 17124 --- [webshop] [SpringApplicationShutdownHook] com.zaxxer.hikari.HikariDataSource       : HikariPool-1 - Shutdown completed.
